2018-02-27 10:48:03,760 - Relay - INFO - [ IN_TASK] - Waiting connection...
2018-02-27 10:48:23,234 - Relay - INFO - [ IN_TASK] - Waiting connection...
2018-02-27 10:49:43,424 - Relay - INFO - [ IN_TASK] - Waiting connection...
2018-02-27 10:50:09,265 - Relay - INFO - [ IN_TASK] - Waiting connection...
2018-02-27 10:52:01,198 - Relay - INFO - [ IN_TASK] - ----------------------------------
2018-02-27 10:52:01,198 - Relay - INFO - [ IN_TASK] - New task, turn to task "[P0, [Index-6, sn:"SC98502J11075260085"], 4]"
2018-02-27 10:52:01,198 - Relay - INFO - [BOX_STAT] - Read all relay port states
2018-02-27 10:52:01,198 - Relay - INFO - [UART_TXD] - 7e 07 06 00 00 7f 55
2018-02-27 10:52:01,308 - Relay - INFO - [UART_RXD] - 7e ff 07 06 00 00 0a 00 00 8a 55
2018-02-27 10:52:01,308 - Relay - INFO - [OUT_TASK] - Finshed task "[P0, [Index-6, sn:"SC98502J11075260085"], 4]"...
2018-02-27 10:52:01,308 - Relay - INFO - [ IN_TASK] - Waiting connection...
2018-02-27 10:52:25,203 - Relay - INFO - [ IN_TASK] - ----------------------------------
2018-02-27 10:52:25,203 - Relay - INFO - [ IN_TASK] - New task, turn to task "[P0, [Index-6, sn:"SC98502J11075260085"], 4]"
2018-02-27 10:52:25,203 - Relay - INFO - [BOX_STAT] - Read all relay port states
2018-02-27 10:52:25,203 - Relay - INFO - [UART_TXD] - 7e 07 06 00 00 7f 55
2018-02-27 10:52:25,312 - Relay - INFO - [UART_RXD] - 7e ff 07 06 00 00 0a 00 00 8a 55
2018-02-27 10:52:25,312 - Relay - INFO - [OUT_TASK] - Finshed task "[P0, [Index-6, sn:"SC98502J11075260085"], 4]"...
2018-02-27 10:52:25,312 - Relay - INFO - [ IN_TASK] - Waiting connection...
2018-02-27 10:53:01,276 - Relay - INFO - [ IN_TASK] - ----------------------------------
2018-02-27 10:53:01,276 - Relay - INFO - [ IN_TASK] - New task, turn to task "[P0, [Index-6, sn:"SC98502J11075260085"], 4]"
2018-02-27 10:53:01,276 - Relay - INFO - [BOX_STAT] - Read all relay port states
2018-02-27 10:53:01,276 - Relay - INFO - [UART_TXD] - 7e 07 06 00 00 7f 55
2018-02-27 10:53:01,384 - Relay - INFO - [UART_RXD] - 7e ff 07 06 00 00 0a 00 00 8a 55
2018-02-27 10:53:01,384 - Relay - INFO - [OUT_TASK] - Finshed task "[P0, [Index-6, sn:"SC98502J11075260085"], 4]"...
2018-02-27 10:53:01,384 - Relay - INFO - [ IN_TASK] - Waiting connection...
2018-02-27 10:53:01,759 - Relay - INFO - [ IN_TASK] - ----------------------------------
2018-02-27 10:53:01,759 - Relay - INFO - [ IN_TASK] - New task, turn to task "[P0, [Index-3, sn:"SC98502J11075260085"], 0]"
2018-02-27 10:53:01,759 - Relay - INFO - [BOX_STAT] - Power off relay port[3]
2018-02-27 10:53:01,759 - Relay - INFO - [UART_TXD] - 7e 07 03 40 00 3a 55
2018-02-27 10:53:01,868 - Relay - INFO - [UART_RXD] - 7e ff 07 03 00 85 55
2018-02-27 10:53:01,868 - Relay - INFO - [OUT_TASK] - Finshed task "[P0, [Index-3, sn:"SC98502J11075260085"], 0]"...
2018-02-27 10:53:01,868 - Relay - INFO - [ IN_TASK] - Waiting connection...
2018-02-27 10:53:04,098 - Relay - INFO - [ IN_TASK] - ----------------------------------
2018-02-27 10:53:04,098 - Relay - INFO - [ IN_TASK] - New task, turn to task "[P0, [Index-3, sn:"SC98502J11075260085"], 1]"
2018-02-27 10:53:04,098 - Relay - INFO - [BOX_STAT] - Power  on relay port[3]
2018-02-27 10:53:04,098 - Relay - INFO - [UART_TXD] - 7e 07 03 40 ff c5 55
2018-02-27 10:53:04,209 - Relay - INFO - [UART_RXD] - 7e ff 07 03 00 85 55
2018-02-27 10:53:04,209 - Relay - INFO - [OUT_TASK] - Finshed task "[P0, [Index-3, sn:"SC98502J11075260085"], 1]"...
2018-02-27 10:53:04,209 - Relay - INFO - [ IN_TASK] - Waiting connection...
2018-02-27 17:00:11,056 - Relay - INFO - [ IN_TASK] - Waiting connection...
2018-02-27 17:00:26,009 - Relay - INFO - [ IN_TASK] - ----------------------------------
2018-02-27 17:00:26,009 - Relay - INFO - [ IN_TASK] - New task, turn to task "[P0, [Index-6, sn:"SC98502J11075260085"], 4]"
2018-02-27 17:00:26,009 - Relay - INFO - [BOX_STAT] - Read all relay port states
2018-02-27 17:00:26,009 - Relay - INFO - [UART_TXD] - 7e 07 06 00 00 7f 55
2018-02-27 17:00:26,118 - Relay - INFO - [UART_RXD] - 7e ff 07 06 00 00 00 00 00 80 55
2018-02-27 17:00:26,118 - Relay - INFO - [OUT_TASK] - Finshed task "[P0, [Index-6, sn:"SC98502J11075260085"], 4]"...
2018-02-27 17:00:26,118 - Relay - INFO - [ IN_TASK] - Waiting connection...
2018-02-27 17:00:26,476 - Relay - INFO - [ IN_TASK] - ----------------------------------
2018-02-27 17:00:26,476 - Relay - INFO - [ IN_TASK] - New task, turn to task "[P0, [Index-1, sn:"SC98502J11075260085"], 0]"
2018-02-27 17:00:26,476 - Relay - INFO - [BOX_STAT] - Power off relay port[1]
2018-02-27 17:00:26,476 - Relay - INFO - [UART_TXD] - 7e 07 01 40 00 38 55
2018-02-27 17:00:26,586 - Relay - INFO - [UART_RXD] - 7e ff 07 01 00 87 55
2018-02-27 17:00:26,586 - Relay - INFO - [OUT_TASK] - Finshed task "[P0, [Index-1, sn:"SC98502J11075260085"], 0]"...
2018-02-27 17:00:26,586 - Relay - INFO - [ IN_TASK] - Waiting connection...
2018-02-27 17:00:28,803 - Relay - INFO - [ IN_TASK] - ----------------------------------
2018-02-27 17:00:28,803 - Relay - INFO - [ IN_TASK] - New task, turn to task "[P0, [Index-1, sn:"SC98502J11075260085"], 1]"
2018-02-27 17:00:28,803 - Relay - INFO - [BOX_STAT] - Power  on relay port[1]
2018-02-27 17:00:28,803 - Relay - INFO - [UART_TXD] - 7e 07 01 40 ff c7 55
2018-02-27 17:00:28,913 - Relay - INFO - [UART_RXD] - 7e ff 07 01 00 87 55
2018-02-27 17:00:28,913 - Relay - INFO - [OUT_TASK] - Finshed task "[P0, [Index-1, sn:"SC98502J11075260085"], 1]"...
2018-02-27 17:00:28,913 - Relay - INFO - [ IN_TASK] - Waiting connection...
2018-02-27 17:00:29,414 - Relay - INFO - [ IN_TASK] - ----------------------------------
2018-02-27 17:00:29,414 - Relay - INFO - [ IN_TASK] - New task, turn to task "[P0, [Index-2, sn:"SC98502J11075260085"], 0]"
2018-02-27 17:00:29,414 - Relay - INFO - [BOX_STAT] - Power off relay port[2]
2018-02-27 17:00:29,414 - Relay - INFO - [UART_TXD] - 7e 07 02 40 00 3b 55
2018-02-27 17:00:29,523 - Relay - INFO - [UART_RXD] - 7e ff 07 02 00 84 55
2018-02-27 17:00:29,523 - Relay - INFO - [OUT_TASK] - Finshed task "[P0, [Index-2, sn:"SC98502J11075260085"], 0]"...
2018-02-27 17:00:29,523 - Relay - INFO - [ IN_TASK] - Waiting connection...
2018-02-27 17:00:31,726 - Relay - INFO - [ IN_TASK] - ----------------------------------
2018-02-27 17:00:31,726 - Relay - INFO - [ IN_TASK] - New task, turn to task "[P0, [Index-2, sn:"SC98502J11075260085"], 1]"
2018-02-27 17:00:31,736 - Relay - INFO - [BOX_STAT] - Power  on relay port[2]
2018-02-27 17:00:31,736 - Relay - INFO - [UART_TXD] - 7e 07 02 40 ff c4 55
2018-02-27 17:00:31,836 - Relay - INFO - [UART_RXD] - 7e ff 07 02 00 84 55
2018-02-27 17:00:31,836 - Relay - INFO - [OUT_TASK] - Finshed task "[P0, [Index-2, sn:"SC98502J11075260085"], 1]"...
2018-02-27 17:00:31,836 - Relay - INFO - [ IN_TASK] - Waiting connection...
2018-02-27 17:00:32,358 - Relay - INFO - [ IN_TASK] - ----------------------------------
2018-02-27 17:00:32,358 - Relay - INFO - [ IN_TASK] - New task, turn to task "[P0, [Index-3, sn:"SC98502J11075260085"], 0]"
2018-02-27 17:00:32,358 - Relay - INFO - [BOX_STAT] - Power off relay port[3]
2018-02-27 17:00:32,358 - Relay - INFO - [UART_TXD] - 7e 07 03 40 00 3a 55
2018-02-27 17:00:32,467 - Relay - INFO - [UART_RXD] - 7e ff 07 03 00 85 55
2018-02-27 17:00:32,467 - Relay - INFO - [OUT_TASK] - Finshed task "[P0, [Index-3, sn:"SC98502J11075260085"], 0]"...
2018-02-27 17:00:32,467 - Relay - INFO - [ IN_TASK] - Waiting connection...
2018-02-27 17:00:34,671 - Relay - INFO - [ IN_TASK] - ----------------------------------
2018-02-27 17:00:34,671 - Relay - INFO - [ IN_TASK] - New task, turn to task "[P0, [Index-3, sn:"SC98502J11075260085"], 1]"
2018-02-27 17:00:34,671 - Relay - INFO - [BOX_STAT] - Power  on relay port[3]
2018-02-27 17:00:34,671 - Relay - INFO - [UART_TXD] - 7e 07 03 40 ff c5 55
2018-02-27 17:00:34,780 - Relay - INFO - [UART_RXD] - 7e ff 07 03 00 85 55
2018-02-27 17:00:34,780 - Relay - INFO - [OUT_TASK] - Finshed task "[P0, [Index-3, sn:"SC98502J11075260085"], 1]"...
2018-02-27 17:00:34,780 - Relay - INFO - [ IN_TASK] - Waiting connection...
2018-02-27 17:00:37,625 - Relay - INFO - [ IN_TASK] - ----------------------------------
2018-02-27 17:00:37,625 - Relay - INFO - [ IN_TASK] - New task, turn to task "[P0, [Index-3, sn:"SC98502J11075260085"], 5]"
2018-02-27 17:00:37,625 - Relay - INFO - [BOX_STAT] - Set mapper relay port[3]-ID[10]
2018-02-27 17:00:37,625 - Relay - INFO - [UART_TXD] - 7e 07 20 03 0a 50 55
2018-02-27 17:00:37,733 - Relay - INFO - [UART_RXD] - 7e ff 07 20 00 a6 55
2018-02-27 17:00:37,733 - Relay - INFO - [OUT_TASK] - Finshed task "[P0, [Index-3, sn:"SC98502J11075260085"], 5]"...
2018-02-27 17:00:37,733 - Relay - INFO - [ IN_TASK] - Waiting connection...
2018-02-27 17:00:42,565 - Relay - INFO - [ IN_TASK] - ----------------------------------
2018-02-27 17:00:42,565 - Relay - INFO - [ IN_TASK] - New task, turn to task "[P0, [Index-6, sn:"SC98502J11075260085"], 4]"
2018-02-27 17:00:42,565 - Relay - INFO - [BOX_STAT] - Read all relay port states
2018-02-27 17:00:42,565 - Relay - INFO - [UART_TXD] - 7e 07 06 00 00 7f 55
2018-02-27 17:01:55,213 - Relay - INFO - [SER_STAT] - SerialComm.__serial.__del__
2018-02-27 18:47:58,138 - Relay - INFO - [ IN_TASK] - Waiting connection...
2018-02-27 18:48:28,693 - Relay - INFO - [ IN_TASK] - ----------------------------------
2018-02-27 18:48:28,693 - Relay - INFO - [ IN_TASK] - New task, turn to task "[P0, [Index-6, sn:"SC98502J11075260085"], 4]"
2018-02-27 18:48:28,693 - Relay - INFO - [BOX_STAT] - Read all relay port states
2018-02-27 18:48:28,693 - Relay - INFO - [UART_TXD] - 7e 07 06 00 00 7f 55
2018-02-27 18:48:28,802 - Relay - INFO - [UART_RXD] - 7e ff 07 06 00 00 00 00 00 80 55
2018-02-27 18:48:28,802 - Relay - INFO - [OUT_TASK] - Finshed task "[P0, [Index-6, sn:"SC98502J11075260085"], 4]"...
2018-02-27 18:48:28,802 - Relay - INFO - [ IN_TASK] - Waiting connection...
2018-02-27 18:48:29,194 - Relay - INFO - [ IN_TASK] - ----------------------------------
2018-02-27 18:48:29,194 - Relay - INFO - [ IN_TASK] - New task, turn to task "[P0, [Index-1, sn:"SC98502J11075260085"], 0]"
2018-02-27 18:48:29,194 - Relay - INFO - [BOX_STAT] - Power off relay port[1]
2018-02-27 18:48:29,194 - Relay - INFO - [UART_TXD] - 7e 07 01 40 00 38 55
2018-02-27 18:48:29,303 - Relay - INFO - [UART_RXD] - 7e ff 07 01 00 87 55
2018-02-27 18:48:29,303 - Relay - INFO - [OUT_TASK] - Finshed task "[P0, [Index-1, sn:"SC98502J11075260085"], 0]"...
2018-02-27 18:48:29,303 - Relay - INFO - [ IN_TASK] - Waiting connection...
2018-02-27 18:48:31,584 - Relay - INFO - [ IN_TASK] - ----------------------------------
2018-02-27 18:48:31,584 - Relay - INFO - [ IN_TASK] - New task, turn to task "[P0, [Index-1, sn:"SC98502J11075260085"], 1]"
2018-02-27 18:48:31,584 - Relay - INFO - [BOX_STAT] - Power  on relay port[1]
2018-02-27 18:48:31,584 - Relay - INFO - [UART_TXD] - 7e 07 01 40 ff c7 55
2018-02-27 18:48:31,693 - Relay - INFO - [UART_RXD] - 7e ff 07 01 00 87 55
2018-02-27 18:48:31,693 - Relay - INFO - [OUT_TASK] - Finshed task "[P0, [Index-1, sn:"SC98502J11075260085"], 1]"...
2018-02-27 18:48:31,693 - Relay - INFO - [ IN_TASK] - Waiting connection...
2018-02-27 18:48:32,194 - Relay - INFO - [ IN_TASK] - ----------------------------------
2018-02-27 18:48:32,194 - Relay - INFO - [ IN_TASK] - New task, turn to task "[P0, [Index-2, sn:"SC98502J11075260085"], 0]"
2018-02-27 18:48:32,194 - Relay - INFO - [BOX_STAT] - Power off relay port[2]
2018-02-27 18:48:32,194 - Relay - INFO - [UART_TXD] - 7e 07 02 40 00 3b 55
2018-02-27 18:48:32,303 - Relay - INFO - [UART_RXD] - 7e ff 07 02 00 84 55
2018-02-27 18:48:32,303 - Relay - INFO - [OUT_TASK] - Finshed task "[P0, [Index-2, sn:"SC98502J11075260085"], 0]"...
2018-02-27 18:48:32,303 - Relay - INFO - [ IN_TASK] - Waiting connection...
2018-02-27 18:48:34,645 - Relay - INFO - [ IN_TASK] - ----------------------------------
2018-02-27 18:48:34,645 - Relay - INFO - [ IN_TASK] - New task, turn to task "[P0, [Index-2, sn:"SC98502J11075260085"], 1]"
2018-02-27 18:48:34,645 - Relay - INFO - [BOX_STAT] - Power  on relay port[2]
2018-02-27 18:48:34,645 - Relay - INFO - [UART_TXD] - 7e 07 02 40 ff c4 55
2018-02-27 18:48:34,755 - Relay - INFO - [UART_RXD] - 7e ff 07 02 00 84 55
2018-02-27 18:48:34,755 - Relay - INFO - [OUT_TASK] - Finshed task "[P0, [Index-2, sn:"SC98502J11075260085"], 1]"...
2018-02-27 18:48:34,755 - Relay - INFO - [ IN_TASK] - Waiting connection...
2018-02-27 18:48:35,255 - Relay - INFO - [ IN_TASK] - ----------------------------------
2018-02-27 18:48:35,255 - Relay - INFO - [ IN_TASK] - New task, turn to task "[P0, [Index-3, sn:"SC98502J11075260085"], 0]"
2018-02-27 18:48:35,255 - Relay - INFO - [BOX_STAT] - Power off relay port[3]
2018-02-27 18:48:35,255 - Relay - INFO - [UART_TXD] - 7e 07 03 40 00 3a 55
2018-02-27 18:48:35,364 - Relay - INFO - [UART_RXD] - 7e ff 07 03 00 85 55
2018-02-27 18:48:35,364 - Relay - INFO - [OUT_TASK] - Finshed task "[P0, [Index-3, sn:"SC98502J11075260085"], 0]"...
2018-02-27 18:48:35,364 - Relay - INFO - [ IN_TASK] - Waiting connection...
2018-02-27 18:48:37,690 - Relay - INFO - [ IN_TASK] - ----------------------------------
2018-02-27 18:48:37,690 - Relay - INFO - [ IN_TASK] - New task, turn to task "[P0, [Index-3, sn:"SC98502J11075260085"], 1]"
2018-02-27 18:48:37,690 - Relay - INFO - [BOX_STAT] - Power  on relay port[3]
2018-02-27 18:48:37,690 - Relay - INFO - [UART_TXD] - 7e 07 03 40 ff c5 55
2018-02-27 18:48:37,799 - Relay - INFO - [UART_RXD] - 7e ff 07 03 00 85 55
2018-02-27 18:48:37,799 - Relay - INFO - [OUT_TASK] - Finshed task "[P0, [Index-3, sn:"SC98502J11075260085"], 1]"...
2018-02-27 18:48:37,799 - Relay - INFO - [ IN_TASK] - Waiting connection...
2018-02-27 18:48:40,664 - Relay - INFO - [ IN_TASK] - ----------------------------------
2018-02-27 18:48:40,664 - Relay - INFO - [ IN_TASK] - New task, turn to task "[P0, [Index-3, sn:"SC98502J11075260085"], 5]"
2018-02-27 18:48:40,664 - Relay - INFO - [BOX_STAT] - Set mapper relay port[3]-ID[10]
2018-02-27 18:48:40,664 - Relay - INFO - [UART_TXD] - 7e 07 20 03 0a 50 55
2018-02-27 18:48:40,773 - Relay - INFO - [UART_RXD] - 7e ff 07 20 00 a6 55
2018-02-27 18:48:40,773 - Relay - INFO - [OUT_TASK] - Finshed task "[P0, [Index-3, sn:"SC98502J11075260085"], 5]"...
2018-02-27 18:48:40,773 - Relay - INFO - [ IN_TASK] - Waiting connection...
2018-02-27 18:50:12,418 - Relay - INFO - [ IN_TASK] - Waiting connection...
2018-02-27 18:50:22,635 - Relay - INFO - [ IN_TASK] - ----------------------------------
2018-02-27 18:50:22,635 - Relay - INFO - [ IN_TASK] - New task, turn to task "[P0, [Index-6, sn:"SC98502J11075260085"], 4]"
2018-02-27 18:50:22,635 - Relay - INFO - [BOX_STAT] - Read all relay port states
2018-02-27 18:50:22,635 - Relay - INFO - [UART_TXD] - 7e 07 06 00 00 7f 55
2018-02-27 18:50:40,571 - Relay - INFO - [SER_STAT] - SerialComm.__serial.__del__
2018-02-27 19:15:41,759 - Relay - INFO - [ IN_TASK] - Waiting connection...
