2018-08-03 14:38:11,727 - Relay - INFO - [BOX_STATE] - RELAY_EVENT_TPYE --> 4
2018-08-03 14:38:12,671 - Relay - INFO - [DBUG_INFO] - ----------------------------------------
2018-08-03 14:38:12,671 - Relay - INFO - [DBUG_INFO] - |           Bind Relay Port            |
2018-08-03 14:38:12,673 - Relay - INFO - [DBUG_INFO] - ----------------------------------------
2018-08-03 14:38:12,674 - Relay - INFO - [DBUG_INFO] - Bond Relay Port with device [SC98321E10078040489]
2018-08-03 14:38:12,739 - Relay - INFO - [DBUG_INFO] - Inquiry all free Relay Ports
2018-08-03 14:38:12,746 - Relay - INFO - [DBUG_INFO] - Get free port [1, 2, 3, 4, 5]
2018-08-03 14:38:12,750 - Relay - INFO - [DBUG_INFO] - -----------------------------------
2018-08-03 14:38:12,750 - Relay - INFO - [BOX_STATE] - RELAY_EVENT_TPYE --> 0
2018-08-03 14:38:15,198 - Relay - INFO - [DBUG_INFO] - Not found device on Relay Port[1]
2018-08-03 14:38:15,200 - Relay - INFO - [BOX_STATE] - RELAY_EVENT_TPYE --> 1
2018-08-03 14:38:15,812 - Relay - INFO - [DBUG_INFO] - -----------------------------------
2018-08-03 14:38:15,815 - Relay - INFO - [BOX_STATE] - RELAY_EVENT_TPYE --> 0
2018-08-03 14:38:18,177 - Relay - INFO - [BOX_STATE] - RELAY_EVENT_TPYE --> 1
2018-08-03 14:38:18,315 - Relay - INFO - [ADB_STATE] - Not found DUT [SC98321E10078040489]
2018-08-03 14:38:19,632 - Relay - INFO - [ADB_STATE] - Not found DUT [SC98321E10078040489]
2018-08-03 14:38:20,901 - Relay - INFO - [ADB_STATE] - Not found DUT [SC98321E10078040489]
2018-08-03 14:38:22,244 - Relay - INFO - [ADB_STATE] - Not found DUT [SC98321E10078040489]
2018-08-03 14:38:23,530 - Relay - INFO - [ADB_STATE] - Not found DUT [SC98321E10078040489]
2018-08-03 14:38:24,842 - Relay - INFO - [ADB_STATE] - Not found DUT [SC98321E10078040489]
2018-08-03 14:38:26,132 - Relay - INFO - [ADB_STATE] - Not found DUT [SC98321E10078040489]
2018-08-03 14:38:27,453 - Relay - INFO - [ADB_STATE] - Not found DUT [SC98321E10078040489]
2018-08-03 14:38:28,734 - Relay - INFO - [ADB_STATE] - Not found DUT [SC98321E10078040489]
2018-08-03 14:38:30,036 - Relay - INFO - [ADB_STATE] - Not found DUT [SC98321E10078040489]
2018-08-03 14:38:31,331 - Relay - INFO - [ADB_STATE] - Not found DUT [SC98321E10078040489]
2018-08-03 14:38:32,641 - Relay - INFO - [ADB_STATE] - Not found DUT [SC98321E10078040489]
2018-08-03 14:38:33,948 - Relay - INFO - [ADB_STATE] - Not found DUT [SC98321E10078040489]
2018-08-03 14:38:35,164 - Relay - INFO - [ADB_STATE] - Not found DUT [SC98321E10078040489]
2018-08-03 14:38:36,463 - Relay - INFO - [ADB_STATE] - Not found DUT [SC98321E10078040489]
2018-08-03 14:38:37,755 - Relay - INFO - [ADB_STATE] - Not found DUT [SC98321E10078040489]
2018-08-03 14:38:39,055 - Relay - INFO - [ADB_STATE] - Not found DUT [SC98321E10078040489]
2018-08-03 14:38:40,266 - Relay - INFO - [ADB_STATE] - Not found DUT [SC98321E10078040489]
2018-08-03 14:38:41,536 - Relay - INFO - [ADB_STATE] - Not found DUT [SC98321E10078040489]
2018-08-03 14:38:42,842 - Relay - INFO - [ADB_STATE] - Not found DUT [SC98321E10078040489]
2018-08-03 14:38:44,144 - Relay - INFO - [ADB_STATE] - Not found DUT [SC98321E10078040489]
2018-08-03 14:38:45,405 - Relay - INFO - [ADB_STATE] - Not found DUT [SC98321E10078040489]
2018-08-03 14:38:46,720 - Relay - INFO - [ADB_STATE] - Not found DUT [SC98321E10078040489]
2018-08-03 14:38:48,019 - Relay - INFO - [ADB_STATE] - Not found DUT [SC98321E10078040489]
2018-08-03 14:38:49,332 - Relay - INFO - [ADB_STATE] - Not found DUT [SC98321E10078040489]
2018-08-03 14:38:50,628 - Relay - INFO - [ADB_STATE] - Not found DUT [SC98321E10078040489]
2018-08-03 14:38:51,934 - Relay - INFO - [ADB_STATE] - Not found DUT [SC98321E10078040489]
2018-08-03 14:38:53,220 - Relay - INFO - [ADB_STATE] - Not found DUT [SC98321E10078040489]
2018-08-03 14:38:54,528 - Relay - INFO - [ADB_STATE] - Not found DUT [SC98321E10078040489]
2018-08-03 14:38:55,928 - Relay - INFO - [ADB_STATE] - Not found DUT [SC98321E10078040489]
2018-08-03 14:38:57,183 - Relay - INFO - [ADB_STATE] - Not found DUT [SC98321E10078040489]
2018-08-03 14:38:58,483 - Relay - INFO - [ADB_STATE] - Not found DUT [SC98321E10078040489]
2018-08-03 14:38:59,799 - Relay - INFO - [ADB_STATE] - Not found DUT [SC98321E10078040489]
2018-08-03 14:39:01,104 - Relay - INFO - [ADB_STATE] - Not found DUT [SC98321E10078040489]
2018-08-03 14:39:05,312 - Relay - INFO - [ADB_STATE] - Found DUT [SC98321E10078040489]
2018-08-03 14:39:05,315 - Relay - INFO - [DBUG_INFO] - Found adb enabled on Relay Port[2]
2018-08-03 14:39:05,319 - Relay - INFO - [BOX_STATE] - RELAY_EVENT_TPYE --> 5
2018-08-03 14:39:05,434 - Relay - INFO - [DBUG_INFO] - Total test is pass
