2018-08-13 17:02:40,578 - Relay - INFO - [ IN_TASK] - Waiting connection...
2018-08-13 17:04:54,900 - Relay - INFO - [ IN_TASK] - ----------------------------------
2018-08-13 17:04:54,901 - Relay - INFO - [ IN_TASK] - New task, turn to task "[P0, [Index-6, sn:"SC98321E10078040489"], 2]"
2018-08-13 17:04:54,901 - Relay - INFO - [BOX_STAT] - Disconnect USB cable [1]
2018-08-13 17:04:54,901 - Relay - INFO - [UART_TXD] - 7e 08 21 01 10 00 46 55
2018-08-13 17:04:55,002 - Relay - INFO - [UART_RXD] - 7e ff 07 21 02 a5 55
2018-08-13 17:04:55,002 - Relay - INFO - [OUT_TASK] - Finshed task "[P0, [Index-6, sn:"SC98321E10078040489"], 2]"...
2018-08-13 17:04:55,003 - Relay - INFO - [ IN_TASK] - Waiting connection...
2018-08-13 17:12:23,986 - Relay - INFO - [ IN_TASK] - ----------------------------------
2018-08-13 17:12:23,986 - Relay - INFO - [ IN_TASK] - New task, turn to task "[P0, [Index-6, sn:"SC98321E10078040489"], 3]"
2018-08-13 17:12:23,986 - Relay - INFO - [BOX_STAT] - Connect USB cable [1]
2018-08-13 17:12:23,986 - Relay - INFO - [UART_TXD] - 7e 08 21 01 10 ff b9 55
2018-08-13 17:12:24,088 - Relay - INFO - [UART_RXD] - 7e ff 07 21 02 a5 55
2018-08-13 17:12:24,088 - Relay - INFO - [OUT_TASK] - Finshed task "[P0, [Index-6, sn:"SC98321E10078040489"], 3]"...
2018-08-13 17:12:24,088 - Relay - INFO - [ IN_TASK] - Waiting connection...
2018-08-13 17:15:59,823 - Relay - INFO - [ IN_TASK] - ----------------------------------
2018-08-13 17:15:59,823 - Relay - INFO - [ IN_TASK] - New task, turn to task "[P0, [Index-6, sn:"SC98321E10078040489"], 2]"
2018-08-13 17:15:59,823 - Relay - INFO - [BOX_STAT] - Disconnect USB cable [1]
2018-08-13 17:15:59,823 - Relay - INFO - [UART_TXD] - 7e 08 21 01 10 00 46 55
2018-08-13 17:15:59,924 - Relay - INFO - [UART_RXD] - 7e ff 07 21 02 a5 55
2018-08-13 17:15:59,924 - Relay - INFO - [OUT_TASK] - Finshed task "[P0, [Index-6, sn:"SC98321E10078040489"], 2]"...
2018-08-13 17:15:59,924 - Relay - INFO - [ IN_TASK] - Waiting connection...
2018-08-13 17:22:57,828 - Relay - INFO - [ IN_TASK] - ----------------------------------
2018-08-13 17:22:57,828 - Relay - INFO - [ IN_TASK] - New task, turn to task "[P0, [Index-6, sn:"SC98321E10078040489"], 3]"
2018-08-13 17:22:57,829 - Relay - INFO - [BOX_STAT] - Connect USB cable [1]
2018-08-13 17:22:57,829 - Relay - INFO - [UART_TXD] - 7e 08 21 01 10 ff b9 55
2018-08-13 17:22:57,930 - Relay - INFO - [UART_RXD] - 7e ff 07 21 02 a5 55
2018-08-13 17:22:57,931 - Relay - INFO - [OUT_TASK] - Finshed task "[P0, [Index-6, sn:"SC98321E10078040489"], 3]"...
2018-08-13 17:22:57,931 - Relay - INFO - [ IN_TASK] - Waiting connection...
