2018-05-08 11:16:24,470 - Relay - INFO - [ IN_TASK] - Waiting connection...
2018-05-08 11:16:49,786 - Relay - INFO - [ IN_TASK] - ----------------------------------
2018-05-08 11:16:49,786 - Relay - INFO - [ IN_TASK] - New task, turn to task "[P0, [Index-6, sn:"SC98321E1007B081251"], 4]"
2018-05-08 11:16:49,786 - Relay - INFO - [BOX_STAT] - Read all relay port states
2018-05-08 11:16:49,786 - Relay - INFO - [UART_TXD] - 7e 07 06 00 00 7f 55
2018-05-08 11:16:49,888 - Relay - INFO - [UART_RXD] - 7e ff 07 06 00 01 00 00 00 81 55
2018-05-08 11:16:49,888 - Relay - INFO - [OUT_TASK] - Finshed task "[P0, [Index-6, sn:"SC98321E1007B081251"], 4]"...
2018-05-08 11:16:49,890 - Relay - INFO - [ IN_TASK] - Waiting connection...
2018-05-08 11:16:50,292 - Relay - INFO - [ IN_TASK] - ----------------------------------
2018-05-08 11:16:50,293 - Relay - INFO - [ IN_TASK] - New task, turn to task "[P0, [Index-2, sn:"SC98321E1007B081251"], 0]"
2018-05-08 11:16:50,293 - Relay - INFO - [BOX_STAT] - Power off relay port[2]
2018-05-08 11:16:50,293 - Relay - INFO - [UART_TXD] - 7e 07 02 40 00 3b 55
2018-05-08 11:16:50,434 - Relay - INFO - [UART_RXD] - 7e ff 07 02 00 84 55
2018-05-08 11:16:50,434 - Relay - INFO - [OUT_TASK] - Finshed task "[P0, [Index-2, sn:"SC98321E1007B081251"], 0]"...
2018-05-08 11:16:50,434 - Relay - INFO - [ IN_TASK] - Waiting connection...
2018-05-08 11:16:52,759 - Relay - INFO - [ IN_TASK] - ----------------------------------
2018-05-08 11:16:52,759 - Relay - INFO - [ IN_TASK] - New task, turn to task "[P0, [Index-2, sn:"SC98321E1007B081251"], 1]"
2018-05-08 11:16:52,759 - Relay - INFO - [BOX_STAT] - Power  on relay port[2]
2018-05-08 11:16:52,759 - Relay - INFO - [UART_TXD] - 7e 07 02 40 ff c4 55
2018-05-08 11:16:52,868 - Relay - INFO - [UART_RXD] - 7e ff 07 02 00 84 55
2018-05-08 11:16:52,868 - Relay - INFO - [OUT_TASK] - Finshed task "[P0, [Index-2, sn:"SC98321E1007B081251"], 1]"...
2018-05-08 11:16:52,868 - Relay - INFO - [ IN_TASK] - Waiting connection...
