2018-05-21 14:44:45,898 - Relay - INFO - [ IN_TASK] - Waiting connection...
2018-05-21 14:45:25,424 - Relay - INFO - [ IN_TASK] - Waiting connection...
2018-05-21 14:46:51,069 - Relay - INFO - [ IN_TASK] - Waiting connection...
2018-05-21 14:47:29,551 - Relay - INFO - [ IN_TASK] - Waiting connection...
2018-05-21 14:51:55,098 - Relay - INFO - [ IN_TASK] - Waiting connection...
2018-05-21 14:56:05,780 - Relay - INFO - [ IN_TASK] - Waiting connection...
2018-05-21 14:56:17,288 - Relay - INFO - [SER_STAT] - SerialComm.__serial.__del__
2018-05-21 14:57:27,000 - Relay - INFO - [ IN_TASK] - Waiting connection...
2018-05-21 14:57:34,108 - Relay - INFO - [ IN_TASK] - ----------------------------------
2018-05-21 14:57:34,108 - Relay - INFO - [ IN_TASK] - New task, turn to task "[P0, [Index-6, sn:"SC98321E1007B081251"], 4]"
2018-05-21 14:57:34,109 - Relay - INFO - [BOX_STAT] - Read all relay port states
2018-05-21 14:57:34,109 - Relay - INFO - [UART_TXD] - 7e 07 06 00 00 7f 55
2018-05-21 14:57:34,210 - Relay - INFO - [UART_RXD] - 7e ff 07 06 00 01 00 00 00 81 55
2018-05-21 14:57:34,213 - Relay - INFO - [OUT_TASK] - Finshed task "[P0, [Index-6, sn:"SC98321E1007B081251"], 4]"...
2018-05-21 14:57:34,214 - Relay - INFO - [ IN_TASK] - Waiting connection...
2018-05-21 14:57:34,641 - Relay - INFO - [ IN_TASK] - ----------------------------------
2018-05-21 14:57:34,642 - Relay - INFO - [ IN_TASK] - New task, turn to task "[P0, [Index-2, sn:"SC98321E1007B081251"], 0]"
2018-05-21 14:57:34,644 - Relay - INFO - [BOX_STAT] - Power off relay port[2]
2018-05-21 14:57:34,645 - Relay - INFO - [UART_TXD] - 7e 07 02 40 00 3b 55
2018-05-21 14:57:34,776 - Relay - INFO - [UART_RXD] - 7e ff 07 02 00 84 55
2018-05-21 14:57:34,776 - Relay - INFO - [OUT_TASK] - Finshed task "[P0, [Index-2, sn:"SC98321E1007B081251"], 0]"...
2018-05-21 14:57:34,776 - Relay - INFO - [ IN_TASK] - Waiting connection...
2018-05-21 14:57:37,048 - Relay - INFO - [ IN_TASK] - ----------------------------------
2018-05-21 14:57:37,048 - Relay - INFO - [ IN_TASK] - New task, turn to task "[P0, [Index-2, sn:"SC98321E1007B081251"], 1]"
2018-05-21 14:57:37,048 - Relay - INFO - [BOX_STAT] - Power  on relay port[2]
2018-05-21 14:57:37,048 - Relay - INFO - [UART_TXD] - 7e 07 02 40 ff c4 55
2018-05-21 14:57:37,142 - Relay - INFO - [UART_RXD] - 7e ff 07 02 00 84 55
2018-05-21 14:57:37,142 - Relay - INFO - [OUT_TASK] - Finshed task "[P0, [Index-2, sn:"SC98321E1007B081251"], 1]"...
2018-05-21 14:57:37,142 - Relay - INFO - [ IN_TASK] - Waiting connection...
2018-05-21 14:57:59,930 - Relay - INFO - [ IN_TASK] - Waiting connection...
2018-05-21 14:58:09,094 - Relay - INFO - [ IN_TASK] - ----------------------------------
2018-05-21 14:58:09,094 - Relay - INFO - [ IN_TASK] - New task, turn to task "[P0, [Index-6, sn:"SC98321E1007B081251"], 4]"
2018-05-21 14:58:09,094 - Relay - INFO - [BOX_STAT] - Read all relay port states
2018-05-21 14:58:09,094 - Relay - INFO - [UART_TXD] - 7e 07 06 00 00 7f 55
2018-05-21 14:58:09,194 - Relay - INFO - [UART_RXD] - 7e ff 07 06 00 01 00 00 00 81 55
2018-05-21 14:58:09,194 - Relay - INFO - [OUT_TASK] - Finshed task "[P0, [Index-6, sn:"SC98321E1007B081251"], 4]"...
2018-05-21 14:58:09,194 - Relay - INFO - [ IN_TASK] - Waiting connection...
2018-05-21 14:58:09,684 - Relay - INFO - [ IN_TASK] - ----------------------------------
2018-05-21 14:58:09,686 - Relay - INFO - [ IN_TASK] - New task, turn to task "[P0, [Index-2, sn:"SC98321E1007B081251"], 0]"
2018-05-21 14:58:09,686 - Relay - INFO - [BOX_STAT] - Power off relay port[2]
2018-05-21 14:58:09,687 - Relay - INFO - [UART_TXD] - 7e 07 02 40 00 3b 55
2018-05-21 14:58:09,819 - Relay - INFO - [UART_RXD] - 7e ff 07 02 00 84 55
2018-05-21 14:58:09,819 - Relay - INFO - [OUT_TASK] - Finshed task "[P0, [Index-2, sn:"SC98321E1007B081251"], 0]"...
2018-05-21 14:58:09,819 - Relay - INFO - [ IN_TASK] - Waiting connection...
2018-05-21 14:58:12,122 - Relay - INFO - [ IN_TASK] - ----------------------------------
2018-05-21 14:58:12,122 - Relay - INFO - [ IN_TASK] - New task, turn to task "[P0, [Index-2, sn:"SC98321E1007B081251"], 1]"
2018-05-21 14:58:12,122 - Relay - INFO - [BOX_STAT] - Power  on relay port[2]
2018-05-21 14:58:12,122 - Relay - INFO - [UART_TXD] - 7e 07 02 40 ff c4 55
2018-05-21 14:58:12,233 - Relay - INFO - [UART_RXD] - 7e ff 07 02 00 84 55
2018-05-21 14:58:12,233 - Relay - INFO - [OUT_TASK] - Finshed task "[P0, [Index-2, sn:"SC98321E1007B081251"], 1]"...
2018-05-21 14:58:12,233 - Relay - INFO - [ IN_TASK] - Waiting connection...
2018-05-21 14:58:26,648 - Relay - INFO - [ IN_TASK] - ----------------------------------
2018-05-21 14:58:26,648 - Relay - INFO - [ IN_TASK] - New task, turn to task "[P0, [Index-6, sn:"SC98321E1007B081251"], 4]"
2018-05-21 14:58:26,648 - Relay - INFO - [BOX_STAT] - Read all relay port states
2018-05-21 14:58:26,648 - Relay - INFO - [UART_TXD] - 7e 07 06 00 00 7f 55
2018-05-21 14:58:26,749 - Relay - INFO - [UART_RXD] - 7e ff 07 06 00 01 00 00 00 81 55
2018-05-21 14:58:26,749 - Relay - INFO - [OUT_TASK] - Finshed task "[P0, [Index-6, sn:"SC98321E1007B081251"], 4]"...
2018-05-21 14:58:26,750 - Relay - INFO - [ IN_TASK] - Waiting connection...
2018-05-21 14:58:34,032 - Relay - INFO - [ IN_TASK] - ----------------------------------
2018-05-21 14:58:34,032 - Relay - INFO - [ IN_TASK] - New task, turn to task "[P0, [Index-6, sn:"SC98321E1007B081251"], 4]"
2018-05-21 14:58:34,032 - Relay - INFO - [BOX_STAT] - Read all relay port states
2018-05-21 14:58:34,032 - Relay - INFO - [UART_TXD] - 7e 07 06 00 00 7f 55
2018-05-21 14:58:34,141 - Relay - INFO - [UART_RXD] - 7e ff 07 06 00 01 00 00 00 81 55
2018-05-21 14:58:34,141 - Relay - INFO - [OUT_TASK] - Finshed task "[P0, [Index-6, sn:"SC98321E1007B081251"], 4]"...
2018-05-21 14:58:34,141 - Relay - INFO - [ IN_TASK] - Waiting connection...
2018-05-21 14:58:34,595 - Relay - INFO - [ IN_TASK] - ----------------------------------
2018-05-21 14:58:34,595 - Relay - INFO - [ IN_TASK] - New task, turn to task "[P0, [Index-6, sn:"SC98321E1007B081251"], 2]"
2018-05-21 14:58:34,595 - Relay - INFO - [BOX_STAT] - Disconnect USB cable [1]
2018-05-21 14:58:39,499 - Relay - INFO - [SER_STAT] - SerialComm.__serial.__del__
2018-05-21 15:27:06,154 - Relay - INFO - [ IN_TASK] - Waiting connection...
2018-05-21 15:27:50,563 - Relay - INFO - [ IN_TASK] - ----------------------------------
2018-05-21 15:27:50,563 - Relay - INFO - [ IN_TASK] - New task, turn to task "[P0, [Index-6, sn:"SC98321E1007B081251"], 4]"
2018-05-21 15:27:50,563 - Relay - INFO - [BOX_STAT] - Read all relay port states
2018-05-21 15:27:50,563 - Relay - INFO - [UART_TXD] - 7e 07 06 00 00 7f 55
2018-05-21 15:27:50,664 - Relay - INFO - [UART_RXD] - 7e ff 07 06 00 01 00 00 00 81 55
2018-05-21 15:27:50,665 - Relay - INFO - [OUT_TASK] - Finshed task "[P0, [Index-6, sn:"SC98321E1007B081251"], 4]"...
2018-05-21 15:27:50,667 - Relay - INFO - [ IN_TASK] - Waiting connection...
2018-05-21 15:27:51,174 - Relay - INFO - [ IN_TASK] - ----------------------------------
2018-05-21 15:27:51,174 - Relay - INFO - [ IN_TASK] - New task, turn to task "[P0, [Index-2, sn:"SC98321E1007B081251"], 0]"
2018-05-21 15:27:51,174 - Relay - INFO - [BOX_STAT] - Power off relay port[2]
2018-05-21 15:27:51,174 - Relay - INFO - [UART_TXD] - 7e 07 02 40 00 3b 55
2018-05-21 15:27:51,309 - Relay - INFO - [UART_RXD] - 7e ff 07 02 00 84 55
2018-05-21 15:27:51,309 - Relay - INFO - [OUT_TASK] - Finshed task "[P0, [Index-2, sn:"SC98321E1007B081251"], 0]"...
2018-05-21 15:27:51,309 - Relay - INFO - [ IN_TASK] - Waiting connection...
2018-05-21 15:27:53,573 - Relay - INFO - [ IN_TASK] - ----------------------------------
2018-05-21 15:27:53,573 - Relay - INFO - [ IN_TASK] - New task, turn to task "[P0, [Index-2, sn:"SC98321E1007B081251"], 1]"
2018-05-21 15:27:53,573 - Relay - INFO - [BOX_STAT] - Power  on relay port[2]
2018-05-21 15:27:53,573 - Relay - INFO - [UART_TXD] - 7e 07 02 40 ff c4 55
2018-05-21 15:27:53,683 - Relay - INFO - [UART_RXD] - 7e ff 07 02 00 84 55
2018-05-21 15:27:53,683 - Relay - INFO - [OUT_TASK] - Finshed task "[P0, [Index-2, sn:"SC98321E1007B081251"], 1]"...
2018-05-21 15:27:53,683 - Relay - INFO - [ IN_TASK] - Waiting connection...
2018-05-21 15:28:02,020 - Relay - INFO - [ IN_TASK] - ----------------------------------
2018-05-21 15:28:02,020 - Relay - INFO - [ IN_TASK] - New task, turn to task "[P0, [Index-6, sn:"SC98321E1007B081251"], 4]"
2018-05-21 15:28:02,020 - Relay - INFO - [BOX_STAT] - Read all relay port states
2018-05-21 15:28:02,020 - Relay - INFO - [UART_TXD] - 7e 07 06 00 00 7f 55
2018-05-21 15:28:02,130 - Relay - INFO - [UART_RXD] - 7e ff 07 06 00 01 00 00 00 81 55
2018-05-21 15:28:02,130 - Relay - INFO - [OUT_TASK] - Finshed task "[P0, [Index-6, sn:"SC98321E1007B081251"], 4]"...
2018-05-21 15:28:02,130 - Relay - INFO - [ IN_TASK] - Waiting connection...
2018-05-21 15:28:02,503 - Relay - INFO - [ IN_TASK] - ----------------------------------
2018-05-21 15:28:02,503 - Relay - INFO - [ IN_TASK] - New task, turn to task "[P0, [Index-2, sn:"SC98321E1007B081251"], 0]"
2018-05-21 15:28:02,503 - Relay - INFO - [BOX_STAT] - Power off relay port[2]
2018-05-21 15:28:02,503 - Relay - INFO - [UART_TXD] - 7e 07 02 40 00 3b 55
2018-05-21 15:28:02,612 - Relay - INFO - [UART_RXD] - 7e ff 07 02 00 84 55
2018-05-21 15:28:02,612 - Relay - INFO - [OUT_TASK] - Finshed task "[P0, [Index-2, sn:"SC98321E1007B081251"], 0]"...
2018-05-21 15:28:02,612 - Relay - INFO - [ IN_TASK] - Waiting connection...
2018-05-21 15:28:04,924 - Relay - INFO - [ IN_TASK] - ----------------------------------
2018-05-21 15:28:04,924 - Relay - INFO - [ IN_TASK] - New task, turn to task "[P0, [Index-2, sn:"SC98321E1007B081251"], 1]"
2018-05-21 15:28:04,924 - Relay - INFO - [BOX_STAT] - Power  on relay port[2]
2018-05-21 15:28:04,924 - Relay - INFO - [UART_TXD] - 7e 07 02 40 ff c4 55
2018-05-21 15:28:05,033 - Relay - INFO - [UART_RXD] - 7e ff 07 02 00 84 55
2018-05-21 15:28:05,033 - Relay - INFO - [OUT_TASK] - Finshed task "[P0, [Index-2, sn:"SC98321E1007B081251"], 1]"...
2018-05-21 15:28:05,033 - Relay - INFO - [ IN_TASK] - Waiting connection...
2018-05-21 15:28:36,348 - Relay - INFO - [ IN_TASK] - ----------------------------------
2018-05-21 15:28:36,348 - Relay - INFO - [ IN_TASK] - New task, turn to task "[P0, [Index-6, sn:"SC98321E1007B081251"], 4]"
2018-05-21 15:28:36,348 - Relay - INFO - [BOX_STAT] - Read all relay port states
2018-05-21 15:28:36,348 - Relay - INFO - [UART_TXD] - 7e 07 06 00 00 7f 55
2018-05-21 15:28:36,450 - Relay - INFO - [UART_RXD] - 7e ff 07 06 00 01 00 00 00 81 55
2018-05-21 15:28:36,450 - Relay - INFO - [OUT_TASK] - Finshed task "[P0, [Index-6, sn:"SC98321E1007B081251"], 4]"...
2018-05-21 15:28:36,450 - Relay - INFO - [ IN_TASK] - Waiting connection...
2018-05-21 15:28:42,305 - Relay - INFO - [ IN_TASK] - ----------------------------------
2018-05-21 15:28:42,319 - Relay - INFO - [ IN_TASK] - New task, turn to task "[P0, [Index-6, sn:"SC98321E1007B081251"], 4]"
2018-05-21 15:28:42,319 - Relay - INFO - [BOX_STAT] - Read all relay port states
2018-05-21 15:28:42,319 - Relay - INFO - [UART_TXD] - 7e 07 06 00 00 7f 55
2018-05-21 15:28:42,428 - Relay - INFO - [UART_RXD] - 7e ff 07 06 00 01 00 00 00 81 55
2018-05-21 15:28:42,428 - Relay - INFO - [OUT_TASK] - Finshed task "[P0, [Index-6, sn:"SC98321E1007B081251"], 4]"...
2018-05-21 15:28:42,428 - Relay - INFO - [ IN_TASK] - Waiting connection...
2018-05-21 15:28:42,865 - Relay - INFO - [ IN_TASK] - ----------------------------------
2018-05-21 15:28:42,865 - Relay - INFO - [ IN_TASK] - New task, turn to task "[P0, [Index-6, sn:"SC98321E1007B081251"], 2]"
2018-05-21 15:28:42,865 - Relay - INFO - [BOX_STAT] - Disconnect USB cable [1]
2018-05-21 15:34:22,813 - Relay - INFO - [ IN_TASK] - Waiting connection...
2018-05-21 15:35:17,779 - Relay - INFO - [ IN_TASK] - Waiting connection...
2018-05-21 15:47:33,900 - Relay - INFO - [ IN_TASK] - Waiting connection...
2018-05-21 15:48:23,115 - Relay - INFO - [ IN_TASK] - ----------------------------------
2018-05-21 15:48:23,115 - Relay - INFO - [ IN_TASK] - New task, turn to task "[P0, [Index-6, sn:"SC98321E1007B081251"], 4]"
2018-05-21 15:48:23,115 - Relay - INFO - [BOX_STAT] - Read all relay port states
2018-05-21 15:48:23,115 - Relay - INFO - [UART_TXD] - 7e 07 06 00 00 7f 55
2018-05-21 15:48:23,216 - Relay - INFO - [UART_RXD] - 7e ff 07 06 00 01 00 00 00 81 55
2018-05-21 15:48:23,217 - Relay - INFO - [OUT_TASK] - Finshed task "[P0, [Index-6, sn:"SC98321E1007B081251"], 4]"...
2018-05-21 15:48:23,217 - Relay - INFO - [ IN_TASK] - Waiting connection...
2018-05-21 15:48:23,793 - Relay - INFO - [ IN_TASK] - ----------------------------------
2018-05-21 15:48:23,795 - Relay - INFO - [ IN_TASK] - New task, turn to task "[P0, [Index-2, sn:"SC98321E1007B081251"], 0]"
2018-05-21 15:48:23,795 - Relay - INFO - [BOX_STAT] - Power off relay port[2]
2018-05-21 15:48:23,796 - Relay - INFO - [UART_TXD] - 7e 07 02 40 00 3b 55
2018-05-21 15:48:23,911 - Relay - INFO - [UART_RXD] - 7e ff 07 02 00 84 55
2018-05-21 15:48:23,911 - Relay - INFO - [OUT_TASK] - Finshed task "[P0, [Index-2, sn:"SC98321E1007B081251"], 0]"...
2018-05-21 15:48:23,911 - Relay - INFO - [ IN_TASK] - Waiting connection...
2018-05-21 15:48:26,247 - Relay - INFO - [ IN_TASK] - ----------------------------------
2018-05-21 15:48:26,247 - Relay - INFO - [ IN_TASK] - New task, turn to task "[P0, [Index-2, sn:"SC98321E1007B081251"], 1]"
2018-05-21 15:48:26,247 - Relay - INFO - [BOX_STAT] - Power  on relay port[2]
2018-05-21 15:48:26,247 - Relay - INFO - [UART_TXD] - 7e 07 02 40 ff c4 55
2018-05-21 15:48:26,357 - Relay - INFO - [UART_RXD] - 7e ff 07 02 00 84 55
2018-05-21 15:48:26,357 - Relay - INFO - [OUT_TASK] - Finshed task "[P0, [Index-2, sn:"SC98321E1007B081251"], 1]"...
2018-05-21 15:48:26,357 - Relay - INFO - [ IN_TASK] - Waiting connection...
2018-05-21 16:36:15,246 - Relay - INFO - [ IN_TASK] - ----------------------------------
2018-05-21 16:36:15,246 - Relay - INFO - [ IN_TASK] - New task, turn to task "[P0, [Index-6, sn:"SC98321E1007B081251"], 2]"
2018-05-21 16:36:15,247 - Relay - INFO - [BOX_STAT] - Disconnect USB cable [1]
2018-05-21 16:36:22,198 - Relay - INFO - [SER_STAT] - SerialComm.__serial.__del__
