2018-05-21 14:46:41,982 - Relay - INFO - [BOX_STATE] - RELAY_EVENT_TPYE --> 4
2018-05-21 14:47:05,938 - Relay - INFO - [BOX_STATE] - RELAY_EVENT_TPYE --> 4
2018-05-21 14:47:43,471 - Relay - INFO - [BOX_STATE] - RELAY_EVENT_TPYE --> 4
2018-05-21 14:48:09,924 - Relay - INFO - [BOX_STATE] - RELAY_EVENT_TPYE --> 4
2018-05-21 14:48:10,483 - Relay - INFO - [DBUG_INFO] - ----------------------------------------
2018-05-21 14:48:10,486 - Relay - INFO - [DBUG_INFO] - |           Bind Relay Port            |
2018-05-21 14:48:10,489 - Relay - INFO - [DBUG_INFO] - ----------------------------------------
2018-05-21 14:48:10,490 - Relay - INFO - [DBUG_INFO] - Bond Relay Port with device [SC98321E1007B081251]
2018-05-21 14:48:10,573 - Relay - INFO - [DBUG_INFO] - -----------------------------------
2018-05-21 14:48:10,576 - Relay - INFO - [BOX_STATE] - RELAY_EVENT_TPYE --> 0
2018-05-21 14:48:12,984 - Relay - INFO - [BOX_STATE] - RELAY_EVENT_TPYE --> 1
2018-05-21 14:48:13,095 - Relay - INFO - [ADB_STATE] - Not found DUT [SC98321E1007B081251]
2018-05-21 14:48:14,414 - Relay - INFO - [ADB_STATE] - Not found DUT [SC98321E1007B081251]
2018-05-21 14:48:15,681 - Relay - INFO - [ADB_STATE] - Not found DUT [SC98321E1007B081251]
2018-05-21 14:48:15,963 - Relay - INFO - [ADB_STATE] - Found DUT [SC98321E1007B081251]
2018-05-21 14:48:15,963 - Relay - INFO - [DBUG_INFO] - Found device on relay port[2]
2018-05-21 14:48:15,996 - Relay - INFO - [DBUG_INFO] - Updated bonded ports
2018-05-21 14:48:15,996 - Relay - INFO - [DBUG_INFO] - Total test is pass
2018-05-21 14:48:45,178 - Relay - INFO - [BOX_STATE] - RELAY_EVENT_TPYE --> 4
2018-05-21 14:48:45,332 - Relay - INFO - [DBUG_INFO] - ----------------------------------------
2018-05-21 14:48:45,334 - Relay - INFO - [DBUG_INFO] - |           Recovery Device            |
2018-05-21 14:48:45,335 - Relay - INFO - [DBUG_INFO] - ----------------------------------------
2018-05-21 14:48:45,835 - Relay - INFO - [ADB_STATE] - Device recovered
2018-05-21 14:51:59,020 - Relay - INFO - [BOX_STATE] - RELAY_EVENT_TPYE --> 4
2018-05-21 14:56:12,374 - Relay - INFO - [BOX_STATE] - RELAY_EVENT_TPYE --> 4
2018-05-21 14:57:34,104 - Relay - INFO - [BOX_STATE] - RELAY_EVENT_TPYE --> 4
2018-05-21 14:57:34,543 - Relay - INFO - [DBUG_INFO] - ----------------------------------------
2018-05-21 14:57:34,545 - Relay - INFO - [DBUG_INFO] - |           Bind Relay Port            |
2018-05-21 14:57:34,546 - Relay - INFO - [DBUG_INFO] - ----------------------------------------
2018-05-21 14:57:34,548 - Relay - INFO - [DBUG_INFO] - Bond Relay Port with device [SC98321E1007B081251]
2018-05-21 14:57:34,630 - Relay - INFO - [DBUG_INFO] - -----------------------------------
2018-05-21 14:57:34,634 - Relay - INFO - [BOX_STATE] - RELAY_EVENT_TPYE --> 0
2018-05-21 14:57:37,048 - Relay - INFO - [BOX_STATE] - RELAY_EVENT_TPYE --> 1
2018-05-21 14:57:37,142 - Relay - INFO - [ADB_STATE] - Not found DUT [SC98321E1007B081251]
2018-05-21 14:57:38,381 - Relay - INFO - [ADB_STATE] - Not found DUT [SC98321E1007B081251]
2018-05-21 14:57:39,647 - Relay - INFO - [ADB_STATE] - Not found DUT [SC98321E1007B081251]
2018-05-21 14:57:39,897 - Relay - INFO - [ADB_STATE] - Found DUT [SC98321E1007B081251]
2018-05-21 14:57:39,898 - Relay - INFO - [DBUG_INFO] - Found device on relay port[2]
2018-05-21 14:57:39,901 - Relay - INFO - [DBUG_INFO] - Updated bonded ports
2018-05-21 14:57:39,901 - Relay - INFO - [DBUG_INFO] - Total test is pass
2018-05-21 14:58:09,088 - Relay - INFO - [BOX_STATE] - RELAY_EVENT_TPYE --> 4
2018-05-21 14:58:09,496 - Relay - INFO - [DBUG_INFO] - ----------------------------------------
2018-05-21 14:58:09,499 - Relay - INFO - [DBUG_INFO] - |           Bind Relay Port            |
2018-05-21 14:58:09,500 - Relay - INFO - [DBUG_INFO] - ----------------------------------------
2018-05-21 14:58:09,503 - Relay - INFO - [DBUG_INFO] - Bond Relay Port with device [SC98321E1007B081251]
2018-05-21 14:58:09,671 - Relay - INFO - [DBUG_INFO] - -----------------------------------
2018-05-21 14:58:09,677 - Relay - INFO - [BOX_STATE] - RELAY_EVENT_TPYE --> 0
2018-05-21 14:58:12,122 - Relay - INFO - [BOX_STATE] - RELAY_EVENT_TPYE --> 1
2018-05-21 14:58:12,233 - Relay - INFO - [ADB_STATE] - Not found DUT [SC98321E1007B081251]
2018-05-21 14:58:13,454 - Relay - INFO - [ADB_STATE] - Not found DUT [SC98321E1007B081251]
2018-05-21 14:58:14,753 - Relay - INFO - [ADB_STATE] - Not found DUT [SC98321E1007B081251]
2018-05-21 14:58:14,987 - Relay - INFO - [ADB_STATE] - Found DUT [SC98321E1007B081251]
2018-05-21 14:58:14,989 - Relay - INFO - [DBUG_INFO] - Found device on relay port[2]
2018-05-21 14:58:14,992 - Relay - INFO - [DBUG_INFO] - Updated bonded ports
2018-05-21 14:58:14,993 - Relay - INFO - [DBUG_INFO] - Total test is pass
2018-05-21 14:58:26,642 - Relay - INFO - [BOX_STATE] - RELAY_EVENT_TPYE --> 4
2018-05-21 14:58:26,770 - Relay - INFO - [DBUG_INFO] - ----------------------------------------
2018-05-21 14:58:26,772 - Relay - INFO - [DBUG_INFO] - |           Recovery Device            |
2018-05-21 14:58:26,773 - Relay - INFO - [DBUG_INFO] - ----------------------------------------
2018-05-21 14:58:27,190 - Relay - INFO - [ADB_STATE] - Device recovered
2018-05-21 14:58:34,030 - Relay - INFO - [BOX_STATE] - RELAY_EVENT_TPYE --> 4
2018-05-21 14:58:34,141 - Relay - INFO - [DBUG_INFO] - ----------------------------------------
2018-05-21 14:58:34,141 - Relay - INFO - [DBUG_INFO] - |           Recovery Device            |
2018-05-21 14:58:34,141 - Relay - INFO - [DBUG_INFO] - ----------------------------------------
2018-05-21 14:58:34,595 - Relay - INFO - [BOX_STATE] - RELAY_EVENT_TPYE --> 2
2018-05-21 14:58:56,414 - Relay - INFO - [BOX_STATE] - RELAY_EVENT_TPYE --> 4
2018-05-21 14:58:57,420 - Relay - ERROR - [Errno 10061] 
2018-05-21 14:58:57,434 - Relay - INFO - [DBUG_INFO] - ----------------------------------------
2018-05-21 14:58:57,434 - Relay - INFO - [DBUG_INFO] - |           Recovery Device            |
2018-05-21 14:58:57,436 - Relay - INFO - [DBUG_INFO] - ----------------------------------------
2018-05-21 14:58:57,865 - Relay - INFO - [ADB_STATE] - Device recovered
2018-05-21 15:02:18,494 - Relay - INFO - [BOX_STATE] - RELAY_EVENT_TPYE --> 4
2018-05-21 15:02:18,667 - Relay - INFO - [DBUG_INFO] - ----------------------------------------
2018-05-21 15:02:18,667 - Relay - INFO - [DBUG_INFO] - |           Recovery Device            |
2018-05-21 15:02:18,667 - Relay - INFO - [DBUG_INFO] - ----------------------------------------
2018-05-21 15:02:18,790 - Relay - INFO - [DBUG_INFO] - ----------------------------------------
2018-05-21 15:02:18,790 - Relay - INFO - [DBUG_INFO] - |       Invalid Device Recovery        |
2018-05-21 15:02:18,790 - Relay - INFO - [DBUG_INFO] - ----------------------------------------
2018-05-21 15:02:18,822 - Relay - INFO - [ADB_STATE] - Not found DUT [SC98321E1007B081251]
2018-05-21 15:02:20,094 - Relay - INFO - [BOX_STATE] - Current devices connection is invalid [SC98321E1007B081251]
2018-05-21 15:02:20,094 - Relay - INFO - [BOX_STATE] - RELAY_EVENT_TPYE --> 0
2018-05-21 15:02:21,207 - Relay - INFO - [BOX_STATE] - RELAY_EVENT_TPYE --> 1
2018-05-21 15:02:21,316 - Relay - INFO - [ADB_STATE] - Not found DUT [SC98321E1007B081251]
2018-05-21 15:02:22,585 - Relay - INFO - [ADB_STATE] - Not found DUT [SC98321E1007B081251]
2018-05-21 15:02:23,868 - Relay - INFO - [ADB_STATE] - Not found DUT [SC98321E1007B081251]
2018-05-21 15:02:24,125 - Relay - INFO - [ADB_STATE] - Found DUT [SC98321E1007B081251]
2018-05-21 15:02:24,128 - Relay - INFO - [BOX_STATE] - Device is recovered [SC98321E1007B081251]
2018-05-21 15:02:24,552 - Relay - INFO - [ADB_STATE] - Device recovered
2018-05-21 15:02:56,496 - Relay - INFO - [BOX_STATE] - RELAY_EVENT_TPYE --> 4
2018-05-21 15:02:56,650 - Relay - INFO - [DBUG_INFO] - ----------------------------------------
2018-05-21 15:02:56,654 - Relay - INFO - [DBUG_INFO] - |           Recovery Device            |
2018-05-21 15:02:56,655 - Relay - INFO - [DBUG_INFO] - ----------------------------------------
2018-05-21 15:02:57,085 - Relay - INFO - [ADB_STATE] - Device recovered
2018-05-21 15:03:00,469 - Relay - INFO - [BOX_STATE] - RELAY_EVENT_TPYE --> 4
2018-05-21 15:03:00,608 - Relay - INFO - [DBUG_INFO] - ----------------------------------------
2018-05-21 15:03:00,608 - Relay - INFO - [DBUG_INFO] - |           Recovery Device            |
2018-05-21 15:03:00,608 - Relay - INFO - [DBUG_INFO] - ----------------------------------------
2018-05-21 15:03:00,703 - Relay - INFO - [DBUG_INFO] - ----------------------------------------
2018-05-21 15:03:00,703 - Relay - INFO - [DBUG_INFO] - |       Invalid Device Recovery        |
2018-05-21 15:03:00,703 - Relay - INFO - [DBUG_INFO] - ----------------------------------------
2018-05-21 15:03:00,717 - Relay - INFO - [ADB_STATE] - Not found DUT [SC98321E1007B081251]
2018-05-21 15:03:01,973 - Relay - INFO - [BOX_STATE] - Current devices connection is invalid [SC98321E1007B081251]
2018-05-21 15:03:01,973 - Relay - INFO - [BOX_STATE] - RELAY_EVENT_TPYE --> 0
2018-05-21 15:03:03,085 - Relay - INFO - [BOX_STATE] - RELAY_EVENT_TPYE --> 1
2018-05-21 15:03:03,196 - Relay - INFO - [ADB_STATE] - Not found DUT [SC98321E1007B081251]
2018-05-21 15:03:04,477 - Relay - INFO - [ADB_STATE] - Not found DUT [SC98321E1007B081251]
2018-05-21 15:03:05,802 - Relay - INFO - [ADB_STATE] - Not found DUT [SC98321E1007B081251]
2018-05-21 15:03:07,104 - Relay - INFO - [ADB_STATE] - Not found DUT [SC98321E1007B081251]
2018-05-21 15:03:08,421 - Relay - INFO - [ADB_STATE] - Not found DUT [SC98321E1007B081251]
2018-05-21 15:03:09,720 - Relay - INFO - [ADB_STATE] - Not found DUT [SC98321E1007B081251]
2018-05-21 15:03:11,020 - Relay - INFO - [ADB_STATE] - Not found DUT [SC98321E1007B081251]
2018-05-21 15:03:12,321 - Relay - INFO - [ADB_STATE] - Not found DUT [SC98321E1007B081251]
2018-05-21 15:03:13,627 - Relay - INFO - [ADB_STATE] - Not found DUT [SC98321E1007B081251]
2018-05-21 15:03:14,927 - Relay - INFO - [ADB_STATE] - Not found DUT [SC98321E1007B081251]
2018-05-21 15:03:16,219 - Relay - INFO - [BOX_STATE] - RELAY_EVENT_TPYE --> 0
2018-05-21 15:03:17,345 - Relay - INFO - [BOX_STATE] - RELAY_EVENT_TPYE --> 1
2018-05-21 15:03:17,453 - Relay - INFO - [ADB_STATE] - Not found DUT [SC98321E1007B081251]
2018-05-21 15:03:18,832 - Relay - INFO - [ADB_STATE] - Not found DUT [SC98321E1007B081251]
2018-05-21 15:03:20,150 - Relay - INFO - [ADB_STATE] - Not found DUT [SC98321E1007B081251]
2018-05-21 15:03:21,469 - Relay - INFO - [ADB_STATE] - Not found DUT [SC98321E1007B081251]
2018-05-21 15:03:22,788 - Relay - INFO - [ADB_STATE] - Not found DUT [SC98321E1007B081251]
2018-05-21 15:03:24,101 - Relay - INFO - [ADB_STATE] - Not found DUT [SC98321E1007B081251]
2018-05-21 15:03:25,401 - Relay - INFO - [ADB_STATE] - Not found DUT [SC98321E1007B081251]
2018-05-21 15:03:26,719 - Relay - INFO - [ADB_STATE] - Not found DUT [SC98321E1007B081251]
2018-05-21 15:03:28,036 - Relay - INFO - [ADB_STATE] - Not found DUT [SC98321E1007B081251]
2018-05-21 15:03:29,355 - Relay - INFO - [ADB_STATE] - Not found DUT [SC98321E1007B081251]
2018-05-21 15:06:19,591 - Relay - INFO - [BOX_STATE] - RELAY_EVENT_TPYE --> 4
2018-05-21 15:06:19,733 - Relay - INFO - [DBUG_INFO] - ----------------------------------------
2018-05-21 15:06:19,733 - Relay - INFO - [DBUG_INFO] - |           Recovery Device            |
2018-05-21 15:06:19,736 - Relay - INFO - [DBUG_INFO] - ----------------------------------------
2018-05-21 15:06:20,269 - Relay - INFO - [ADB_STATE] - Device recovered
2018-05-21 15:06:23,049 - Relay - INFO - [BOX_STATE] - RELAY_EVENT_TPYE --> 4
2018-05-21 15:06:23,163 - Relay - INFO - [DBUG_INFO] - ----------------------------------------
2018-05-21 15:06:23,164 - Relay - INFO - [DBUG_INFO] - |           Recovery Device            |
2018-05-21 15:06:23,164 - Relay - INFO - [DBUG_INFO] - ----------------------------------------
2018-05-21 15:06:23,237 - Relay - INFO - [DBUG_INFO] - ----------------------------------------
2018-05-21 15:06:23,237 - Relay - INFO - [DBUG_INFO] - |       Invalid Device Recovery        |
2018-05-21 15:06:23,237 - Relay - INFO - [DBUG_INFO] - ----------------------------------------
2018-05-21 15:06:23,269 - Relay - INFO - [ADB_STATE] - Not found DUT [SC98321E1007B081251]
2018-05-21 15:06:24,536 - Relay - INFO - [BOX_STATE] - Current devices connection is invalid [SC98321E1007B081251]
2018-05-21 15:06:24,536 - Relay - INFO - [BOX_STATE] - RELAY_EVENT_TPYE --> 0
2018-05-21 15:06:25,651 - Relay - INFO - [BOX_STATE] - RELAY_EVENT_TPYE --> 1
2018-05-21 15:06:25,759 - Relay - INFO - [ADB_STATE] - Not found DUT [SC98321E1007B081251]
2018-05-21 15:06:27,043 - Relay - INFO - [ADB_STATE] - Not found DUT [SC98321E1007B081251]
2018-05-21 15:06:28,361 - Relay - INFO - [ADB_STATE] - Not found DUT [SC98321E1007B081251]
2018-05-21 15:06:29,674 - Relay - INFO - [ADB_STATE] - Not found DUT [SC98321E1007B081251]
2018-05-21 15:06:30,973 - Relay - INFO - [ADB_STATE] - Not found DUT [SC98321E1007B081251]
2018-05-21 15:06:32,290 - Relay - INFO - [ADB_STATE] - Not found DUT [SC98321E1007B081251]
2018-05-21 15:06:33,594 - Relay - INFO - [ADB_STATE] - Not found DUT [SC98321E1007B081251]
2018-05-21 15:06:34,892 - Relay - INFO - [ADB_STATE] - Not found DUT [SC98321E1007B081251]
2018-05-21 15:06:36,197 - Relay - INFO - [ADB_STATE] - Not found DUT [SC98321E1007B081251]
2018-05-21 15:06:37,500 - Relay - INFO - [ADB_STATE] - Not found DUT [SC98321E1007B081251]
2018-05-21 15:06:38,894 - Relay - INFO - [BOX_STATE] - RELAY_EVENT_TPYE --> 0
2018-05-21 15:06:40,006 - Relay - INFO - [BOX_STATE] - RELAY_EVENT_TPYE --> 1
2018-05-21 15:06:40,115 - Relay - INFO - [ADB_STATE] - Not found DUT [SC98321E1007B081251]
2018-05-21 15:06:41,408 - Relay - INFO - [ADB_STATE] - Not found DUT [SC98321E1007B081251]
2018-05-21 15:06:42,707 - Relay - INFO - [ADB_STATE] - Not found DUT [SC98321E1007B081251]
2018-05-21 15:06:44,032 - Relay - INFO - [ADB_STATE] - Not found DUT [SC98321E1007B081251]
2018-05-21 15:06:45,345 - Relay - INFO - [ADB_STATE] - Not found DUT [SC98321E1007B081251]
2018-05-21 15:06:46,647 - Relay - INFO - [ADB_STATE] - Not found DUT [SC98321E1007B081251]
2018-05-21 15:06:47,963 - Relay - INFO - [ADB_STATE] - Not found DUT [SC98321E1007B081251]
2018-05-21 15:06:49,282 - Relay - INFO - [ADB_STATE] - Not found DUT [SC98321E1007B081251]
2018-05-21 15:06:50,582 - Relay - INFO - [ADB_STATE] - Not found DUT [SC98321E1007B081251]
2018-05-21 15:06:51,900 - Relay - INFO - [ADB_STATE] - Not found DUT [SC98321E1007B081251]
2018-05-21 15:09:18,369 - Relay - INFO - [BOX_STATE] - RELAY_EVENT_TPYE --> 4
2018-05-21 15:09:18,885 - Relay - INFO - [DBUG_INFO] - ----------------------------------------
2018-05-21 15:09:18,885 - Relay - INFO - [DBUG_INFO] - |       Invalid Device Recovery        |
2018-05-21 15:09:18,885 - Relay - INFO - [DBUG_INFO] - ----------------------------------------
2018-05-21 15:09:18,940 - Relay - INFO - [ADB_STATE] - Not found DUT [SC98321E1007B081251]
2018-05-21 15:09:20,190 - Relay - INFO - [BOX_STATE] - Current devices connection is invalid [SC98321E1007B081251]
2018-05-21 15:09:20,194 - Relay - INFO - [BOX_STATE] - RELAY_EVENT_TPYE --> 0
2018-05-21 15:09:21,335 - Relay - INFO - [BOX_STATE] - RELAY_EVENT_TPYE --> 1
2018-05-21 15:09:21,444 - Relay - INFO - [ADB_STATE] - Not found DUT [SC98321E1007B081251]
2018-05-21 15:09:22,727 - Relay - INFO - [ADB_STATE] - Not found DUT [SC98321E1007B081251]
2018-05-21 15:09:24,042 - Relay - INFO - [ADB_STATE] - Not found DUT [SC98321E1007B081251]
2018-05-21 15:09:25,364 - Relay - INFO - [ADB_STATE] - Not found DUT [SC98321E1007B081251]
2018-05-21 15:09:26,663 - Relay - INFO - [ADB_STATE] - Not found DUT [SC98321E1007B081251]
2018-05-21 15:09:27,993 - Relay - INFO - [ADB_STATE] - Not found DUT [SC98321E1007B081251]
2018-05-21 15:09:29,312 - Relay - INFO - [ADB_STATE] - Not found DUT [SC98321E1007B081251]
2018-05-21 15:09:30,611 - Relay - INFO - [ADB_STATE] - Not found DUT [SC98321E1007B081251]
2018-05-21 15:09:31,917 - Relay - INFO - [ADB_STATE] - Not found DUT [SC98321E1007B081251]
2018-05-21 15:09:33,236 - Relay - INFO - [ADB_STATE] - Not found DUT [SC98321E1007B081251]
2018-05-21 15:09:34,552 - Relay - INFO - [BOX_STATE] - RELAY_EVENT_TPYE --> 0
2018-05-21 15:09:35,663 - Relay - INFO - [BOX_STATE] - RELAY_EVENT_TPYE --> 1
2018-05-21 15:09:35,772 - Relay - INFO - [ADB_STATE] - Not found DUT [SC98321E1007B081251]
2018-05-21 15:09:37,184 - Relay - INFO - [ADB_STATE] - Not found DUT [SC98321E1007B081251]
2018-05-21 15:09:38,483 - Relay - INFO - [ADB_STATE] - Not found DUT [SC98321E1007B081251]
2018-05-21 15:09:39,801 - Relay - INFO - [ADB_STATE] - Not found DUT [SC98321E1007B081251]
2018-05-21 15:09:41,115 - Relay - INFO - [ADB_STATE] - Not found DUT [SC98321E1007B081251]
2018-05-21 15:09:42,434 - Relay - INFO - [ADB_STATE] - Not found DUT [SC98321E1007B081251]
2018-05-21 15:09:43,736 - Relay - INFO - [ADB_STATE] - Not found DUT [SC98321E1007B081251]
2018-05-21 15:09:45,055 - Relay - INFO - [ADB_STATE] - Not found DUT [SC98321E1007B081251]
2018-05-21 15:09:46,361 - Relay - INFO - [ADB_STATE] - Not found DUT [SC98321E1007B081251]
2018-05-21 15:09:47,686 - Relay - INFO - [ADB_STATE] - Not found DUT [SC98321E1007B081251]
2018-05-21 15:09:49,039 - Relay - INFO - [DBUG_INFO] - ----------------------------------------
2018-05-21 15:09:49,039 - Relay - INFO - [DBUG_INFO] - |           Bind Relay Port            |
2018-05-21 15:09:49,039 - Relay - INFO - [DBUG_INFO] - ----------------------------------------
2018-05-21 15:09:49,039 - Relay - INFO - [DBUG_INFO] - Bond Relay Port with device [SC98321E1007B081251]
2018-05-21 15:09:49,178 - Relay - INFO - [DBUG_INFO] - Inquiry all free Relay Ports
2018-05-21 15:09:49,178 - Relay - INFO - [DBUG_INFO] - Get free port [1, 3, 4, 5]
2018-05-21 15:09:49,194 - Relay - INFO - [DBUG_INFO] - -----------------------------------
2018-05-21 15:09:49,194 - Relay - INFO - [BOX_STATE] - RELAY_EVENT_TPYE --> 0
2018-05-21 15:09:51,701 - Relay - INFO - [BOX_STATE] - RELAY_EVENT_TPYE --> 1
2018-05-21 15:09:51,826 - Relay - INFO - [ADB_STATE] - Not found DUT [SC98321E1007B081251]
2018-05-21 15:09:53,128 - Relay - INFO - [ADB_STATE] - Not found DUT [SC98321E1007B081251]
2018-05-21 15:09:54,433 - Relay - INFO - [ADB_STATE] - Not found DUT [SC98321E1007B081251]
2018-05-21 15:09:55,760 - Relay - INFO - [ADB_STATE] - Not found DUT [SC98321E1007B081251]
2018-05-21 15:09:57,078 - Relay - INFO - [ADB_STATE] - Not found DUT [SC98321E1007B081251]
2018-05-21 15:09:58,477 - Relay - INFO - [ADB_STATE] - Not found DUT [SC98321E1007B081251]
2018-05-21 15:09:59,792 - Relay - INFO - [ADB_STATE] - Not found DUT [SC98321E1007B081251]
2018-05-21 15:10:01,223 - Relay - INFO - [ADB_STATE] - Not found DUT [SC98321E1007B081251]
2018-05-21 15:10:02,523 - Relay - INFO - [ADB_STATE] - Not found DUT [SC98321E1007B081251]
2018-05-21 15:10:03,838 - Relay - INFO - [ADB_STATE] - Not found DUT [SC98321E1007B081251]
2018-05-21 15:10:05,137 - Relay - INFO - [ADB_STATE] - Not found DUT [SC98321E1007B081251]
2018-05-21 15:10:06,474 - Relay - INFO - [ADB_STATE] - Not found DUT [SC98321E1007B081251]
2018-05-21 15:10:07,789 - Relay - INFO - [ADB_STATE] - Not found DUT [SC98321E1007B081251]
2018-05-21 15:10:09,089 - Relay - INFO - [ADB_STATE] - Not found DUT [SC98321E1007B081251]
2018-05-21 15:10:10,426 - Relay - INFO - [ADB_STATE] - Not found DUT [SC98321E1007B081251]
2018-05-21 15:10:11,835 - Relay - INFO - [ADB_STATE] - Not found DUT [SC98321E1007B081251]
2018-05-21 15:10:13,137 - Relay - INFO - [ADB_STATE] - Not found DUT [SC98321E1007B081251]
2018-05-21 15:10:14,470 - Relay - INFO - [ADB_STATE] - Not found DUT [SC98321E1007B081251]
2018-05-21 15:10:15,769 - Relay - INFO - [ADB_STATE] - Not found DUT [SC98321E1007B081251]
2018-05-21 15:10:17,085 - Relay - INFO - [ADB_STATE] - Not found DUT [SC98321E1007B081251]
2018-05-21 15:10:18,480 - Relay - INFO - [ADB_STATE] - Not found DUT [SC98321E1007B081251]
2018-05-21 15:10:19,815 - Relay - INFO - [ADB_STATE] - Not found DUT [SC98321E1007B081251]
2018-05-21 15:10:21,134 - Relay - INFO - [ADB_STATE] - Not found DUT [SC98321E1007B081251]
2018-05-21 15:10:22,555 - Relay - INFO - [ADB_STATE] - Not found DUT [SC98321E1007B081251]
2018-05-21 15:10:23,852 - Relay - INFO - [ADB_STATE] - Not found DUT [SC98321E1007B081251]
2018-05-21 15:10:25,190 - Relay - INFO - [ADB_STATE] - Not found DUT [SC98321E1007B081251]
2018-05-21 15:10:26,493 - Relay - INFO - [ADB_STATE] - Not found DUT [SC98321E1007B081251]
2018-05-21 15:10:27,808 - Relay - INFO - [ADB_STATE] - Not found DUT [SC98321E1007B081251]
2018-05-21 15:10:29,135 - Relay - INFO - [ADB_STATE] - Not found DUT [SC98321E1007B081251]
2018-05-21 15:10:30,536 - Relay - INFO - [ADB_STATE] - Not found DUT [SC98321E1007B081251]
2018-05-21 15:10:31,841 - Relay - INFO - [ADB_STATE] - Not found DUT [SC98321E1007B081251]
2018-05-21 15:10:33,134 - Relay - INFO - [ADB_STATE] - Not found DUT [SC98321E1007B081251]
2018-05-21 15:10:34,474 - Relay - INFO - [ADB_STATE] - Not found DUT [SC98321E1007B081251]
2018-05-21 15:10:35,882 - Relay - INFO - [ADB_STATE] - Not found DUT [SC98321E1007B081251]
2018-05-21 15:10:37,190 - Relay - INFO - [ADB_STATE] - Not found DUT [SC98321E1007B081251]
2018-05-21 15:10:38,507 - Relay - INFO - [ADB_STATE] - Not found DUT [SC98321E1007B081251]
2018-05-21 15:10:39,822 - Relay - INFO - [ADB_STATE] - Not found DUT [SC98321E1007B081251]
2018-05-21 15:10:41,124 - Relay - INFO - [ADB_STATE] - Not found DUT [SC98321E1007B081251]
2018-05-21 15:10:42,446 - Relay - INFO - [ADB_STATE] - Not found DUT [SC98321E1007B081251]
2018-05-21 15:10:43,759 - Relay - INFO - [ADB_STATE] - Not found DUT [SC98321E1007B081251]
2018-05-21 15:10:45,046 - Relay - INFO - [ADB_STATE] - Not found DUT [SC98321E1007B081251]
2018-05-21 15:10:46,397 - Relay - INFO - [ADB_STATE] - Not found DUT [SC98321E1007B081251]
2018-05-21 15:10:47,696 - Relay - INFO - [ADB_STATE] - Not found DUT [SC98321E1007B081251]
2018-05-21 15:10:49,005 - Relay - INFO - [ADB_STATE] - Not found DUT [SC98321E1007B081251]
2018-05-21 15:10:50,305 - Relay - INFO - [ADB_STATE] - Not found DUT [SC98321E1007B081251]
2018-05-21 15:10:51,588 - Relay - INFO - [ADB_STATE] - Not found DUT [SC98321E1007B081251]
2018-05-21 15:10:52,917 - Relay - INFO - [ADB_STATE] - Not found DUT [SC98321E1007B081251]
2018-05-21 15:10:54,236 - Relay - INFO - [ADB_STATE] - Not found DUT [SC98321E1007B081251]
2018-05-21 15:10:55,552 - Relay - INFO - [ADB_STATE] - Not found DUT [SC98321E1007B081251]
2018-05-21 15:10:56,868 - Relay - INFO - [ADB_STATE] - Not found DUT [SC98321E1007B081251]
2018-05-21 15:10:58,190 - Relay - INFO - [ADB_STATE] - Not found DUT [SC98321E1007B081251]
2018-05-21 15:10:59,503 - Relay - INFO - [ADB_STATE] - Not found DUT [SC98321E1007B081251]
2018-05-21 15:11:00,818 - Relay - INFO - [ADB_STATE] - Not found DUT [SC98321E1007B081251]
2018-05-21 15:11:02,135 - Relay - INFO - [ADB_STATE] - Not found DUT [SC98321E1007B081251]
2018-05-21 15:11:03,456 - Relay - INFO - [ADB_STATE] - Not found DUT [SC98321E1007B081251]
2018-05-21 15:11:04,770 - Relay - INFO - [ADB_STATE] - Not found DUT [SC98321E1007B081251]
2018-05-21 15:11:06,088 - Relay - INFO - [ADB_STATE] - Not found DUT [SC98321E1007B081251]
2018-05-21 15:11:07,388 - Relay - INFO - [ADB_STATE] - Not found DUT [SC98321E1007B081251]
2018-05-21 15:11:08,703 - Relay - INFO - [ADB_STATE] - Not found DUT [SC98321E1007B081251]
2018-05-21 15:11:10,019 - Relay - INFO - [ADB_STATE] - Not found DUT [SC98321E1007B081251]
2018-05-21 15:11:11,322 - Relay - INFO - [ADB_STATE] - Not found DUT [SC98321E1007B081251]
2018-05-21 15:11:12,654 - Relay - INFO - [ADB_STATE] - Not found DUT [SC98321E1007B081251]
2018-05-21 15:11:13,954 - Relay - INFO - [ADB_STATE] - Not found DUT [SC98321E1007B081251]
2018-05-21 15:11:15,260 - Relay - INFO - [ADB_STATE] - Not found DUT [SC98321E1007B081251]
2018-05-21 15:11:16,575 - Relay - INFO - [ADB_STATE] - Not found DUT [SC98321E1007B081251]
2018-05-21 15:11:17,888 - Relay - INFO - [ADB_STATE] - Not found DUT [SC98321E1007B081251]
2018-05-21 15:11:19,207 - Relay - INFO - [ADB_STATE] - Not found DUT [SC98321E1007B081251]
2018-05-21 15:11:20,509 - Relay - INFO - [ADB_STATE] - Not found DUT [SC98321E1007B081251]
2018-05-21 15:11:21,822 - Relay - INFO - [ADB_STATE] - Not found DUT [SC98321E1007B081251]
2018-05-21 15:11:23,250 - Relay - INFO - [ADB_STATE] - Not found DUT [SC98321E1007B081251]
2018-05-21 15:11:24,569 - Relay - INFO - [ADB_STATE] - Not found DUT [SC98321E1007B081251]
2018-05-21 15:11:25,887 - Relay - INFO - [ADB_STATE] - Not found DUT [SC98321E1007B081251]
2018-05-21 15:11:27,203 - Relay - INFO - [ADB_STATE] - Not found DUT [SC98321E1007B081251]
2018-05-21 15:11:28,471 - Relay - INFO - [ADB_STATE] - Not found DUT [SC98321E1007B081251]
2018-05-21 15:11:29,736 - Relay - INFO - [ADB_STATE] - Not found DUT [SC98321E1007B081251]
2018-05-21 15:11:31,104 - Relay - INFO - [ADB_STATE] - Not found DUT [SC98321E1007B081251]
2018-05-21 15:11:32,411 - Relay - INFO - [ADB_STATE] - Not found DUT [SC98321E1007B081251]
2018-05-21 15:11:33,657 - Relay - INFO - [ADB_STATE] - Not found DUT [SC98321E1007B081251]
2018-05-21 15:11:34,944 - Relay - INFO - [ADB_STATE] - Not found DUT [SC98321E1007B081251]
2018-05-21 15:11:36,263 - Relay - INFO - [ADB_STATE] - Not found DUT [SC98321E1007B081251]
2018-05-21 15:11:37,556 - Relay - INFO - [ADB_STATE] - Not found DUT [SC98321E1007B081251]
2018-05-21 15:11:38,852 - Relay - INFO - [ADB_STATE] - Not found DUT [SC98321E1007B081251]
2018-05-21 15:11:40,173 - Relay - INFO - [ADB_STATE] - Not found DUT [SC98321E1007B081251]
2018-05-21 15:11:41,447 - Relay - INFO - [ADB_STATE] - Not found DUT [SC98321E1007B081251]
2018-05-21 15:11:42,746 - Relay - INFO - [ADB_STATE] - Not found DUT [SC98321E1007B081251]
2018-05-21 15:11:44,046 - Relay - INFO - [ADB_STATE] - Not found DUT [SC98321E1007B081251]
2018-05-21 15:11:45,342 - Relay - INFO - [ADB_STATE] - Not found DUT [SC98321E1007B081251]
2018-05-21 15:11:46,648 - Relay - INFO - [ADB_STATE] - Not found DUT [SC98321E1007B081251]
2018-05-21 15:11:47,951 - Relay - INFO - [ADB_STATE] - Not found DUT [SC98321E1007B081251]
2018-05-21 15:11:49,259 - Relay - INFO - [ADB_STATE] - Not found DUT [SC98321E1007B081251]
2018-05-21 15:11:51,048 - Relay - INFO - [DBUG_INFO] - -----------------------------------
2018-05-21 15:11:51,051 - Relay - INFO - [BOX_STATE] - RELAY_EVENT_TPYE --> 0
2018-05-21 15:11:53,469 - Relay - INFO - [BOX_STATE] - RELAY_EVENT_TPYE --> 1
2018-05-21 15:11:53,584 - Relay - INFO - [ADB_STATE] - Not found DUT [SC98321E1007B081251]
2018-05-21 15:11:54,848 - Relay - INFO - [ADB_STATE] - Not found DUT [SC98321E1007B081251]
2018-05-21 15:11:56,164 - Relay - INFO - [ADB_STATE] - Not found DUT [SC98321E1007B081251]
2018-05-21 15:11:57,460 - Relay - INFO - [ADB_STATE] - Not found DUT [SC98321E1007B081251]
2018-05-21 15:11:58,763 - Relay - INFO - [ADB_STATE] - Not found DUT [SC98321E1007B081251]
2018-05-21 15:12:00,061 - Relay - INFO - [ADB_STATE] - Not found DUT [SC98321E1007B081251]
2018-05-21 15:12:01,368 - Relay - INFO - [ADB_STATE] - Not found DUT [SC98321E1007B081251]
2018-05-21 15:12:02,664 - Relay - INFO - [ADB_STATE] - Not found DUT [SC98321E1007B081251]
2018-05-21 15:12:03,960 - Relay - INFO - [ADB_STATE] - Not found DUT [SC98321E1007B081251]
2018-05-21 15:12:05,269 - Relay - INFO - [ADB_STATE] - Not found DUT [SC98321E1007B081251]
2018-05-21 15:12:06,565 - Relay - INFO - [ADB_STATE] - Not found DUT [SC98321E1007B081251]
2018-05-21 15:12:07,855 - Relay - INFO - [ADB_STATE] - Not found DUT [SC98321E1007B081251]
2018-05-21 15:12:09,170 - Relay - INFO - [ADB_STATE] - Not found DUT [SC98321E1007B081251]
2018-05-21 15:12:10,562 - Relay - INFO - [ADB_STATE] - Not found DUT [SC98321E1007B081251]
2018-05-21 15:12:11,861 - Relay - INFO - [ADB_STATE] - Not found DUT [SC98321E1007B081251]
2018-05-21 15:12:13,167 - Relay - INFO - [ADB_STATE] - Not found DUT [SC98321E1007B081251]
2018-05-21 15:12:14,460 - Relay - INFO - [ADB_STATE] - Not found DUT [SC98321E1007B081251]
2018-05-21 15:12:15,769 - Relay - INFO - [ADB_STATE] - Not found DUT [SC98321E1007B081251]
2018-05-21 15:12:17,065 - Relay - INFO - [ADB_STATE] - Not found DUT [SC98321E1007B081251]
2018-05-21 15:12:18,365 - Relay - INFO - [ADB_STATE] - Not found DUT [SC98321E1007B081251]
2018-05-21 15:12:19,668 - Relay - INFO - [ADB_STATE] - Not found DUT [SC98321E1007B081251]
2018-05-21 15:12:20,963 - Relay - INFO - [ADB_STATE] - Not found DUT [SC98321E1007B081251]
2018-05-21 15:12:22,259 - Relay - INFO - [ADB_STATE] - Not found DUT [SC98321E1007B081251]
2018-05-21 15:12:23,568 - Relay - INFO - [ADB_STATE] - Not found DUT [SC98321E1007B081251]
2018-05-21 15:12:24,865 - Relay - INFO - [ADB_STATE] - Not found DUT [SC98321E1007B081251]
2018-05-21 15:12:26,154 - Relay - INFO - [ADB_STATE] - Not found DUT [SC98321E1007B081251]
2018-05-21 15:12:27,451 - Relay - INFO - [ADB_STATE] - Not found DUT [SC98321E1007B081251]
2018-05-21 15:12:28,763 - Relay - INFO - [ADB_STATE] - Not found DUT [SC98321E1007B081251]
2018-05-21 15:12:30,069 - Relay - INFO - [ADB_STATE] - Not found DUT [SC98321E1007B081251]
2018-05-21 15:12:31,368 - Relay - INFO - [ADB_STATE] - Not found DUT [SC98321E1007B081251]
2018-05-21 15:12:32,665 - Relay - INFO - [ADB_STATE] - Not found DUT [SC98321E1007B081251]
2018-05-21 15:12:33,970 - Relay - INFO - [ADB_STATE] - Not found DUT [SC98321E1007B081251]
2018-05-21 15:12:35,269 - Relay - INFO - [ADB_STATE] - Not found DUT [SC98321E1007B081251]
2018-05-21 15:12:36,569 - Relay - INFO - [ADB_STATE] - Not found DUT [SC98321E1007B081251]
2018-05-21 15:12:37,858 - Relay - INFO - [ADB_STATE] - Not found DUT [SC98321E1007B081251]
2018-05-21 15:12:39,200 - Relay - INFO - [ADB_STATE] - Not found DUT [SC98321E1007B081251]
2018-05-21 15:12:40,486 - Relay - INFO - [ADB_STATE] - Not found DUT [SC98321E1007B081251]
2018-05-21 15:12:41,790 - Relay - INFO - [ADB_STATE] - Not found DUT [SC98321E1007B081251]
2018-05-21 15:12:43,098 - Relay - INFO - [ADB_STATE] - Not found DUT [SC98321E1007B081251]
2018-05-21 15:12:44,500 - Relay - INFO - [ADB_STATE] - Not found DUT [SC98321E1007B081251]
2018-05-21 15:12:45,798 - Relay - INFO - [ADB_STATE] - Not found DUT [SC98321E1007B081251]
2018-05-21 15:12:47,099 - Relay - INFO - [ADB_STATE] - Not found DUT [SC98321E1007B081251]
2018-05-21 15:12:48,398 - Relay - INFO - [ADB_STATE] - Not found DUT [SC98321E1007B081251]
2018-05-21 15:12:49,700 - Relay - INFO - [ADB_STATE] - Not found DUT [SC98321E1007B081251]
2018-05-21 15:12:50,997 - Relay - INFO - [ADB_STATE] - Not found DUT [SC98321E1007B081251]
2018-05-21 15:12:52,299 - Relay - INFO - [ADB_STATE] - Not found DUT [SC98321E1007B081251]
2018-05-21 15:12:53,599 - Relay - INFO - [ADB_STATE] - Not found DUT [SC98321E1007B081251]
2018-05-21 15:12:54,983 - Relay - INFO - [ADB_STATE] - Not found DUT [SC98321E1007B081251]
2018-05-21 15:12:56,295 - Relay - INFO - [ADB_STATE] - Not found DUT [SC98321E1007B081251]
2018-05-21 15:12:57,644 - Relay - INFO - [ADB_STATE] - Not found DUT [SC98321E1007B081251]
2018-05-21 15:12:58,971 - Relay - INFO - [ADB_STATE] - Not found DUT [SC98321E1007B081251]
2018-05-21 15:13:00,282 - Relay - INFO - [ADB_STATE] - Not found DUT [SC98321E1007B081251]
2018-05-21 15:13:01,594 - Relay - INFO - [ADB_STATE] - Not found DUT [SC98321E1007B081251]
2018-05-21 15:13:02,904 - Relay - INFO - [ADB_STATE] - Not found DUT [SC98321E1007B081251]
2018-05-21 15:13:04,204 - Relay - INFO - [ADB_STATE] - Not found DUT [SC98321E1007B081251]
2018-05-21 15:13:11,207 - Relay - INFO - [ADB_STATE] - Not found DUT [SC98321E1007B081251]
2018-05-21 15:13:12,519 - Relay - INFO - [ADB_STATE] - Not found DUT [SC98321E1007B081251]
2018-05-21 15:13:13,831 - Relay - INFO - [ADB_STATE] - Not found DUT [SC98321E1007B081251]
2018-05-21 15:13:15,127 - Relay - INFO - [ADB_STATE] - Not found DUT [SC98321E1007B081251]
2018-05-21 15:13:16,562 - Relay - INFO - [ADB_STATE] - Not found DUT [SC98321E1007B081251]
2018-05-21 15:13:17,874 - Relay - INFO - [ADB_STATE] - Not found DUT [SC98321E1007B081251]
2018-05-21 15:13:19,295 - Relay - INFO - [ADB_STATE] - Not found DUT [SC98321E1007B081251]
2018-05-21 15:13:20,605 - Relay - INFO - [ADB_STATE] - Not found DUT [SC98321E1007B081251]
2018-05-21 15:13:22,012 - Relay - INFO - [ADB_STATE] - Not found DUT [SC98321E1007B081251]
2018-05-21 15:13:23,325 - Relay - INFO - [ADB_STATE] - Not found DUT [SC98321E1007B081251]
2018-05-21 15:13:24,746 - Relay - INFO - [ADB_STATE] - Not found DUT [SC98321E1007B081251]
2018-05-21 15:13:26,061 - Relay - INFO - [ADB_STATE] - Not found DUT [SC98321E1007B081251]
2018-05-21 15:13:27,372 - Relay - INFO - [ADB_STATE] - Not found DUT [SC98321E1007B081251]
2018-05-21 15:13:28,700 - Relay - INFO - [ADB_STATE] - Not found DUT [SC98321E1007B081251]
2018-05-21 15:13:30,121 - Relay - INFO - [ADB_STATE] - Not found DUT [SC98321E1007B081251]
2018-05-21 15:13:31,450 - Relay - INFO - [ADB_STATE] - Not found DUT [SC98321E1007B081251]
2018-05-21 15:13:32,744 - Relay - INFO - [ADB_STATE] - Not found DUT [SC98321E1007B081251]
2018-05-21 15:13:34,056 - Relay - INFO - [ADB_STATE] - Not found DUT [SC98321E1007B081251]
2018-05-21 15:13:35,355 - Relay - INFO - [ADB_STATE] - Not found DUT [SC98321E1007B081251]
2018-05-21 15:13:36,681 - Relay - INFO - [ADB_STATE] - Not found DUT [SC98321E1007B081251]
2018-05-21 15:13:37,993 - Relay - INFO - [ADB_STATE] - Not found DUT [SC98321E1007B081251]
2018-05-21 15:13:39,306 - Relay - INFO - [ADB_STATE] - Not found DUT [SC98321E1007B081251]
2018-05-21 15:13:40,727 - Relay - INFO - [ADB_STATE] - Not found DUT [SC98321E1007B081251]
2018-05-21 15:13:42,026 - Relay - INFO - [ADB_STATE] - Not found DUT [SC98321E1007B081251]
2018-05-21 15:13:43,463 - Relay - INFO - [ADB_STATE] - Not found DUT [SC98321E1007B081251]
2018-05-21 15:13:44,760 - Relay - INFO - [ADB_STATE] - Not found DUT [SC98321E1007B081251]
2018-05-21 15:13:46,088 - Relay - INFO - [ADB_STATE] - Not found DUT [SC98321E1007B081251]
2018-05-21 15:13:47,385 - Relay - INFO - [ADB_STATE] - Not found DUT [SC98321E1007B081251]
2018-05-21 15:13:48,713 - Relay - INFO - [ADB_STATE] - Not found DUT [SC98321E1007B081251]
2018-05-21 15:13:50,025 - Relay - INFO - [ADB_STATE] - Not found DUT [SC98321E1007B081251]
2018-05-21 15:13:51,447 - Relay - INFO - [ADB_STATE] - Not found DUT [SC98321E1007B081251]
2018-05-21 15:13:52,759 - Relay - INFO - [ADB_STATE] - Not found DUT [SC98321E1007B081251]
2018-05-21 15:13:54,058 - Relay - INFO - [ADB_STATE] - Not found DUT [SC98321E1007B081251]
2018-05-21 15:13:55,384 - Relay - INFO - [ADB_STATE] - Not found DUT [SC98321E1007B081251]
2018-05-21 15:13:56,684 - Relay - INFO - [ADB_STATE] - Not found DUT [SC98321E1007B081251]
2018-05-21 15:13:58,513 - Relay - INFO - [DBUG_INFO] - -----------------------------------
2018-05-21 15:13:58,513 - Relay - INFO - [BOX_STATE] - RELAY_EVENT_TPYE --> 0
2018-05-21 15:14:00,920 - Relay - INFO - [BOX_STATE] - RELAY_EVENT_TPYE --> 1
2018-05-21 15:14:01,059 - Relay - INFO - [ADB_STATE] - Not found DUT [SC98321E1007B081251]
2018-05-21 15:14:02,372 - Relay - INFO - [ADB_STATE] - Not found DUT [SC98321E1007B081251]
2018-05-21 15:14:03,687 - Relay - INFO - [ADB_STATE] - Not found DUT [SC98321E1007B081251]
2018-05-21 15:14:05,016 - Relay - INFO - [ADB_STATE] - Not found DUT [SC98321E1007B081251]
2018-05-21 15:14:06,315 - Relay - INFO - [ADB_STATE] - Not found DUT [SC98321E1007B081251]
2018-05-21 15:14:07,628 - Relay - INFO - [ADB_STATE] - Not found DUT [SC98321E1007B081251]
2018-05-21 15:14:09,049 - Relay - INFO - [ADB_STATE] - Not found DUT [SC98321E1007B081251]
2018-05-21 15:14:10,361 - Relay - INFO - [ADB_STATE] - Not found DUT [SC98321E1007B081251]
2018-05-21 15:14:11,671 - Relay - INFO - [ADB_STATE] - Not found DUT [SC98321E1007B081251]
2018-05-21 15:14:12,970 - Relay - INFO - [ADB_STATE] - Not found DUT [SC98321E1007B081251]
2018-05-21 15:14:14,296 - Relay - INFO - [ADB_STATE] - Not found DUT [SC98321E1007B081251]
2018-05-21 15:14:15,594 - Relay - INFO - [ADB_STATE] - Not found DUT [SC98321E1007B081251]
2018-05-21 15:14:16,920 - Relay - INFO - [ADB_STATE] - Not found DUT [SC98321E1007B081251]
2018-05-21 15:14:18,217 - Relay - INFO - [ADB_STATE] - Not found DUT [SC98321E1007B081251]
2018-05-21 15:14:19,545 - Relay - INFO - [ADB_STATE] - Not found DUT [SC98321E1007B081251]
2018-05-21 15:14:20,855 - Relay - INFO - [ADB_STATE] - Not found DUT [SC98321E1007B081251]
2018-05-21 15:14:22,262 - Relay - INFO - [ADB_STATE] - Not found DUT [SC98321E1007B081251]
2018-05-21 15:14:23,575 - Relay - INFO - [ADB_STATE] - Not found DUT [SC98321E1007B081251]
2018-05-21 15:14:24,901 - Relay - INFO - [ADB_STATE] - Not found DUT [SC98321E1007B081251]
2018-05-21 15:14:26,200 - Relay - INFO - [ADB_STATE] - Not found DUT [SC98321E1007B081251]
2018-05-21 15:14:27,526 - Relay - INFO - [ADB_STATE] - Not found DUT [SC98321E1007B081251]
2018-05-21 15:14:28,825 - Relay - INFO - [ADB_STATE] - Not found DUT [SC98321E1007B081251]
2018-05-21 15:14:30,252 - Relay - INFO - [ADB_STATE] - Not found DUT [SC98321E1007B081251]
2018-05-21 15:14:31,578 - Relay - INFO - [ADB_STATE] - Not found DUT [SC98321E1007B081251]
2018-05-21 15:14:32,890 - Relay - INFO - [ADB_STATE] - Not found DUT [SC98321E1007B081251]
2018-05-21 15:14:34,190 - Relay - INFO - [ADB_STATE] - Not found DUT [SC98321E1007B081251]
2018-05-21 15:14:35,611 - Relay - INFO - [ADB_STATE] - Not found DUT [SC98321E1007B081251]
2018-05-21 15:14:36,923 - Relay - INFO - [ADB_STATE] - Not found DUT [SC98321E1007B081251]
2018-05-21 15:14:38,234 - Relay - INFO - [ADB_STATE] - Not found DUT [SC98321E1007B081251]
2018-05-21 15:14:39,532 - Relay - INFO - [ADB_STATE] - Not found DUT [SC98321E1007B081251]
2018-05-21 15:14:40,858 - Relay - INFO - [ADB_STATE] - Not found DUT [SC98321E1007B081251]
2018-05-21 15:14:42,170 - Relay - INFO - [ADB_STATE] - Not found DUT [SC98321E1007B081251]
2018-05-21 15:14:43,482 - Relay - INFO - [ADB_STATE] - Not found DUT [SC98321E1007B081251]
2018-05-21 15:14:44,779 - Relay - INFO - [ADB_STATE] - Not found DUT [SC98321E1007B081251]
2018-05-21 15:14:46,094 - Relay - INFO - [ADB_STATE] - Not found DUT [SC98321E1007B081251]
2018-05-21 15:14:47,423 - Relay - INFO - [ADB_STATE] - Not found DUT [SC98321E1007B081251]
2018-05-21 15:14:48,720 - Relay - INFO - [ADB_STATE] - Not found DUT [SC98321E1007B081251]
2018-05-21 15:14:50,048 - Relay - INFO - [ADB_STATE] - Not found DUT [SC98321E1007B081251]
2018-05-21 15:14:51,345 - Relay - INFO - [ADB_STATE] - Not found DUT [SC98321E1007B081251]
2018-05-21 15:14:52,671 - Relay - INFO - [ADB_STATE] - Not found DUT [SC98321E1007B081251]
2018-05-21 15:14:53,983 - Relay - INFO - [ADB_STATE] - Not found DUT [SC98321E1007B081251]
2018-05-21 15:14:55,296 - Relay - INFO - [ADB_STATE] - Not found DUT [SC98321E1007B081251]
2018-05-21 15:14:56,717 - Relay - INFO - [ADB_STATE] - Not found DUT [SC98321E1007B081251]
2018-05-21 15:14:58,015 - Relay - INFO - [ADB_STATE] - Not found DUT [SC98321E1007B081251]
2018-05-21 15:14:59,344 - Relay - INFO - [ADB_STATE] - Not found DUT [SC98321E1007B081251]
2018-05-21 15:15:00,641 - Relay - INFO - [ADB_STATE] - Not found DUT [SC98321E1007B081251]
2018-05-21 15:15:02,078 - Relay - INFO - [ADB_STATE] - Not found DUT [SC98321E1007B081251]
2018-05-21 15:15:03,361 - Relay - INFO - [ADB_STATE] - Not found DUT [SC98321E1007B081251]
2018-05-21 15:15:04,703 - Relay - INFO - [ADB_STATE] - Not found DUT [SC98321E1007B081251]
2018-05-21 15:15:06,125 - Relay - INFO - [ADB_STATE] - Not found DUT [SC98321E1007B081251]
2018-05-21 15:15:07,437 - Relay - INFO - [ADB_STATE] - Not found DUT [SC98321E1007B081251]
2018-05-21 15:15:08,733 - Relay - INFO - [ADB_STATE] - Not found DUT [SC98321E1007B081251]
2018-05-21 15:15:10,061 - Relay - INFO - [ADB_STATE] - Not found DUT [SC98321E1007B081251]
2018-05-21 15:15:11,358 - Relay - INFO - [ADB_STATE] - Not found DUT [SC98321E1007B081251]
2018-05-21 15:15:12,671 - Relay - INFO - [ADB_STATE] - Not found DUT [SC98321E1007B081251]
2018-05-21 15:15:13,999 - Relay - INFO - [ADB_STATE] - Not found DUT [SC98321E1007B081251]
2018-05-21 15:15:15,299 - Relay - INFO - [ADB_STATE] - Not found DUT [SC98321E1007B081251]
2018-05-21 15:15:16,627 - Relay - INFO - [ADB_STATE] - Not found DUT [SC98321E1007B081251]
2018-05-21 15:15:17,924 - Relay - INFO - [ADB_STATE] - Not found DUT [SC98321E1007B081251]
2018-05-21 15:15:19,359 - Relay - INFO - [ADB_STATE] - Not found DUT [SC98321E1007B081251]
2018-05-21 15:15:20,671 - Relay - INFO - [ADB_STATE] - Not found DUT [SC98321E1007B081251]
2018-05-21 15:15:21,970 - Relay - INFO - [ADB_STATE] - Not found DUT [SC98321E1007B081251]
2018-05-21 15:15:23,298 - Relay - INFO - [ADB_STATE] - Not found DUT [SC98321E1007B081251]
2018-05-21 15:15:24,594 - Relay - INFO - [ADB_STATE] - Not found DUT [SC98321E1007B081251]
2018-05-21 15:15:25,921 - Relay - INFO - [ADB_STATE] - Not found DUT [SC98321E1007B081251]
2018-05-21 15:15:27,204 - Relay - INFO - [ADB_STATE] - Not found DUT [SC98321E1007B081251]
2018-05-21 15:15:28,532 - Relay - INFO - [ADB_STATE] - Not found DUT [SC98321E1007B081251]
2018-05-21 15:15:29,844 - Relay - INFO - [ADB_STATE] - Not found DUT [SC98321E1007B081251]
2018-05-21 15:15:31,142 - Relay - INFO - [ADB_STATE] - Not found DUT [SC98321E1007B081251]
2018-05-21 15:15:32,470 - Relay - INFO - [ADB_STATE] - Not found DUT [SC98321E1007B081251]
2018-05-21 15:15:33,766 - Relay - INFO - [ADB_STATE] - Not found DUT [SC98321E1007B081251]
2018-05-21 15:15:35,095 - Relay - INFO - [ADB_STATE] - Not found DUT [SC98321E1007B081251]
2018-05-21 15:15:36,391 - Relay - INFO - [ADB_STATE] - Not found DUT [SC98321E1007B081251]
2018-05-21 15:15:37,828 - Relay - INFO - [ADB_STATE] - Not found DUT [SC98321E1007B081251]
2018-05-21 15:15:39,140 - Relay - INFO - [ADB_STATE] - Not found DUT [SC98321E1007B081251]
2018-05-21 15:15:40,451 - Relay - INFO - [ADB_STATE] - Not found DUT [SC98321E1007B081251]
2018-05-21 15:15:41,749 - Relay - INFO - [ADB_STATE] - Not found DUT [SC98321E1007B081251]
2018-05-21 15:15:43,076 - Relay - INFO - [ADB_STATE] - Not found DUT [SC98321E1007B081251]
2018-05-21 15:15:44,374 - Relay - INFO - [ADB_STATE] - Not found DUT [SC98321E1007B081251]
2018-05-21 15:15:45,700 - Relay - INFO - [ADB_STATE] - Not found DUT [SC98321E1007B081251]
2018-05-21 15:15:47,013 - Relay - INFO - [ADB_STATE] - Not found DUT [SC98321E1007B081251]
2018-05-21 15:15:48,325 - Relay - INFO - [ADB_STATE] - Not found DUT [SC98321E1007B081251]
2018-05-21 15:15:49,637 - Relay - INFO - [ADB_STATE] - Not found DUT [SC98321E1007B081251]
2018-05-21 15:15:50,934 - Relay - INFO - [ADB_STATE] - Not found DUT [SC98321E1007B081251]
2018-05-21 15:15:52,263 - Relay - INFO - [ADB_STATE] - Not found DUT [SC98321E1007B081251]
2018-05-21 15:15:53,561 - Relay - INFO - [ADB_STATE] - Not found DUT [SC98321E1007B081251]
2018-05-21 15:15:54,888 - Relay - INFO - [ADB_STATE] - Not found DUT [SC98321E1007B081251]
2018-05-21 15:15:56,198 - Relay - INFO - [ADB_STATE] - Not found DUT [SC98321E1007B081251]
2018-05-21 15:15:57,513 - Relay - INFO - [ADB_STATE] - Not found DUT [SC98321E1007B081251]
2018-05-21 15:15:58,811 - Relay - INFO - [ADB_STATE] - Not found DUT [SC98321E1007B081251]
2018-05-21 15:16:00,653 - Relay - INFO - [DBUG_INFO] - -----------------------------------
2018-05-21 15:16:00,653 - Relay - INFO - [BOX_STATE] - RELAY_EVENT_TPYE --> 0
2018-05-21 15:16:03,061 - Relay - INFO - [BOX_STATE] - RELAY_EVENT_TPYE --> 1
2018-05-21 15:16:03,186 - Relay - INFO - [ADB_STATE] - Not found DUT [SC98321E1007B081251]
2018-05-21 15:16:04,513 - Relay - INFO - [ADB_STATE] - Not found DUT [SC98321E1007B081251]
2018-05-21 15:16:05,809 - Relay - INFO - [ADB_STATE] - Not found DUT [SC98321E1007B081251]
2018-05-21 15:16:07,138 - Relay - INFO - [ADB_STATE] - Not found DUT [SC98321E1007B081251]
2018-05-21 15:16:08,437 - Relay - INFO - [ADB_STATE] - Not found DUT [SC98321E1007B081251]
2018-05-21 15:16:09,765 - Relay - INFO - [ADB_STATE] - Not found DUT [SC98321E1007B081251]
2018-05-21 15:16:11,076 - Relay - INFO - [ADB_STATE] - Not found DUT [SC98321E1007B081251]
2018-05-21 15:16:12,388 - Relay - INFO - [ADB_STATE] - Not found DUT [SC98321E1007B081251]
2018-05-21 15:16:13,700 - Relay - INFO - [ADB_STATE] - Not found DUT [SC98321E1007B081251]
2018-05-21 15:16:14,999 - Relay - INFO - [ADB_STATE] - Not found DUT [SC98321E1007B081251]
2018-05-21 15:16:16,325 - Relay - INFO - [ADB_STATE] - Not found DUT [SC98321E1007B081251]
2018-05-21 15:16:17,624 - Relay - INFO - [ADB_STATE] - Not found DUT [SC98321E1007B081251]
2018-05-21 15:16:19,061 - Relay - INFO - [ADB_STATE] - Not found DUT [SC98321E1007B081251]
2018-05-21 15:16:20,358 - Relay - INFO - [ADB_STATE] - Not found DUT [SC98321E1007B081251]
2018-05-21 15:16:21,686 - Relay - INFO - [ADB_STATE] - Not found DUT [SC98321E1007B081251]
2018-05-21 15:16:22,996 - Relay - INFO - [ADB_STATE] - Not found DUT [SC98321E1007B081251]
2018-05-21 15:16:24,311 - Relay - INFO - [ADB_STATE] - Not found DUT [SC98321E1007B081251]
2018-05-21 15:16:25,746 - Relay - INFO - [ADB_STATE] - Not found DUT [SC98321E1007B081251]
2018-05-21 15:16:27,138 - Relay - INFO - [ADB_STATE] - Not found DUT [SC98321E1007B081251]
2018-05-21 15:16:28,466 - Relay - INFO - [ADB_STATE] - Not found DUT [SC98321E1007B081251]
2018-05-21 15:16:29,766 - Relay - INFO - [ADB_STATE] - Not found DUT [SC98321E1007B081251]
2018-05-21 15:16:31,094 - Relay - INFO - [ADB_STATE] - Not found DUT [SC98321E1007B081251]
2018-05-21 15:16:32,391 - Relay - INFO - [ADB_STATE] - Not found DUT [SC98321E1007B081251]
2018-05-21 15:16:33,707 - Relay - INFO - [ADB_STATE] - Not found DUT [SC98321E1007B081251]
2018-05-21 15:16:35,035 - Relay - INFO - [ADB_STATE] - Not found DUT [SC98321E1007B081251]
2018-05-21 15:16:36,332 - Relay - INFO - [ADB_STATE] - Not found DUT [SC98321E1007B081251]
2018-05-21 15:16:37,657 - Relay - INFO - [ADB_STATE] - Not found DUT [SC98321E1007B081251]
2018-05-21 15:16:38,953 - Relay - INFO - [ADB_STATE] - Not found DUT [SC98321E1007B081251]
2018-05-21 15:16:40,280 - Relay - INFO - [ADB_STATE] - Not found DUT [SC98321E1007B081251]
2018-05-21 15:16:41,578 - Relay - INFO - [ADB_STATE] - Not found DUT [SC98321E1007B081251]
2018-05-21 15:16:42,905 - Relay - INFO - [ADB_STATE] - Not found DUT [SC98321E1007B081251]
2018-05-21 15:16:44,203 - Relay - INFO - [ADB_STATE] - Not found DUT [SC98321E1007B081251]
2018-05-21 15:16:45,532 - Relay - INFO - [ADB_STATE] - Not found DUT [SC98321E1007B081251]
2018-05-21 15:16:46,937 - Relay - INFO - [ADB_STATE] - Not found DUT [SC98321E1007B081251]
2018-05-21 15:16:48,253 - Relay - INFO - [ADB_STATE] - Not found DUT [SC98321E1007B081251]
2018-05-21 15:16:49,581 - Relay - INFO - [ADB_STATE] - Not found DUT [SC98321E1007B081251]
2018-05-21 15:16:50,892 - Relay - INFO - [ADB_STATE] - Not found DUT [SC98321E1007B081251]
2018-05-21 15:16:52,315 - Relay - INFO - [ADB_STATE] - Not found DUT [SC98321E1007B081251]
2018-05-21 15:16:53,627 - Relay - INFO - [ADB_STATE] - Not found DUT [SC98321E1007B081251]
2018-05-21 15:16:54,924 - Relay - INFO - [ADB_STATE] - Not found DUT [SC98321E1007B081251]
2018-05-21 15:16:56,221 - Relay - INFO - [ADB_STATE] - Not found DUT [SC98321E1007B081251]
2018-05-21 15:16:57,549 - Relay - INFO - [ADB_STATE] - Not found DUT [SC98321E1007B081251]
2018-05-21 15:16:58,864 - Relay - INFO - [ADB_STATE] - Not found DUT [SC98321E1007B081251]
2018-05-21 15:17:00,177 - Relay - INFO - [ADB_STATE] - Not found DUT [SC98321E1007B081251]
2018-05-21 15:17:01,503 - Relay - INFO - [ADB_STATE] - Not found DUT [SC98321E1007B081251]
2018-05-21 15:17:02,815 - Relay - INFO - [ADB_STATE] - Not found DUT [SC98321E1007B081251]
2018-05-21 15:17:04,114 - Relay - INFO - [ADB_STATE] - Not found DUT [SC98321E1007B081251]
2018-05-21 15:17:05,440 - Relay - INFO - [ADB_STATE] - Not found DUT [SC98321E1007B081251]
2018-05-21 15:17:06,737 - Relay - INFO - [ADB_STATE] - Not found DUT [SC98321E1007B081251]
2018-05-21 15:17:08,065 - Relay - INFO - [ADB_STATE] - Not found DUT [SC98321E1007B081251]
2018-05-21 15:17:09,361 - Relay - INFO - [ADB_STATE] - Not found DUT [SC98321E1007B081251]
2018-05-21 15:17:10,688 - Relay - INFO - [ADB_STATE] - Not found DUT [SC98321E1007B081251]
2018-05-21 15:17:11,987 - Relay - INFO - [ADB_STATE] - Not found DUT [SC98321E1007B081251]
2018-05-21 15:17:13,302 - Relay - INFO - [ADB_STATE] - Not found DUT [SC98321E1007B081251]
2018-05-21 15:17:14,614 - Relay - INFO - [ADB_STATE] - Not found DUT [SC98321E1007B081251]
2018-05-21 15:17:15,926 - Relay - INFO - [ADB_STATE] - Not found DUT [SC98321E1007B081251]
2018-05-21 15:17:17,239 - Relay - INFO - [ADB_STATE] - Not found DUT [SC98321E1007B081251]
2018-05-21 15:17:18,536 - Relay - INFO - [ADB_STATE] - Not found DUT [SC98321E1007B081251]
2018-05-21 15:17:19,862 - Relay - INFO - [ADB_STATE] - Not found DUT [SC98321E1007B081251]
2018-05-21 15:17:21,161 - Relay - INFO - [ADB_STATE] - Not found DUT [SC98321E1007B081251]
2018-05-21 15:17:22,487 - Relay - INFO - [ADB_STATE] - Not found DUT [SC98321E1007B081251]
2018-05-21 15:17:23,907 - Relay - INFO - [ADB_STATE] - Not found DUT [SC98321E1007B081251]
2018-05-21 15:17:25,221 - Relay - INFO - [ADB_STATE] - Not found DUT [SC98321E1007B081251]
2018-05-21 15:17:26,519 - Relay - INFO - [ADB_STATE] - Not found DUT [SC98321E1007B081251]
2018-05-21 15:17:27,834 - Relay - INFO - [ADB_STATE] - Not found DUT [SC98321E1007B081251]
2018-05-21 15:17:29,150 - Relay - INFO - [ADB_STATE] - Not found DUT [SC98321E1007B081251]
2018-05-21 15:17:30,476 - Relay - INFO - [ADB_STATE] - Not found DUT [SC98321E1007B081251]
2018-05-21 15:17:31,897 - Relay - INFO - [ADB_STATE] - Not found DUT [SC98321E1007B081251]
2018-05-21 15:17:33,210 - Relay - INFO - [ADB_STATE] - Not found DUT [SC98321E1007B081251]
2018-05-21 15:17:34,519 - Relay - INFO - [ADB_STATE] - Not found DUT [SC98321E1007B081251]
2018-05-21 15:17:35,832 - Relay - INFO - [ADB_STATE] - Not found DUT [SC98321E1007B081251]
2018-05-21 15:17:37,144 - Relay - INFO - [ADB_STATE] - Not found DUT [SC98321E1007B081251]
2018-05-21 15:17:38,441 - Relay - INFO - [ADB_STATE] - Not found DUT [SC98321E1007B081251]
2018-05-21 15:17:39,753 - Relay - INFO - [ADB_STATE] - Not found DUT [SC98321E1007B081251]
2018-05-21 15:17:41,082 - Relay - INFO - [ADB_STATE] - Not found DUT [SC98321E1007B081251]
2018-05-21 15:17:42,378 - Relay - INFO - [ADB_STATE] - Not found DUT [SC98321E1007B081251]
2018-05-21 15:17:43,706 - Relay - INFO - [ADB_STATE] - Not found DUT [SC98321E1007B081251]
2018-05-21 15:17:45,017 - Relay - INFO - [ADB_STATE] - Not found DUT [SC98321E1007B081251]
2018-05-21 15:17:46,329 - Relay - INFO - [ADB_STATE] - Not found DUT [SC98321E1007B081251]
2018-05-21 15:17:47,736 - Relay - INFO - [ADB_STATE] - Not found DUT [SC98321E1007B081251]
2018-05-21 15:17:49,065 - Relay - INFO - [ADB_STATE] - Not found DUT [SC98321E1007B081251]
2018-05-21 15:17:50,362 - Relay - INFO - [ADB_STATE] - Not found DUT [SC98321E1007B081251]
2018-05-21 15:17:51,690 - Relay - INFO - [ADB_STATE] - Not found DUT [SC98321E1007B081251]
2018-05-21 15:17:53,002 - Relay - INFO - [ADB_STATE] - Not found DUT [SC98321E1007B081251]
2018-05-21 15:17:54,315 - Relay - INFO - [ADB_STATE] - Not found DUT [SC98321E1007B081251]
2018-05-21 15:17:55,625 - Relay - INFO - [ADB_STATE] - Not found DUT [SC98321E1007B081251]
2018-05-21 15:17:56,924 - Relay - INFO - [ADB_STATE] - Not found DUT [SC98321E1007B081251]
2018-05-21 15:17:58,252 - Relay - INFO - [ADB_STATE] - Not found DUT [SC98321E1007B081251]
2018-05-21 15:17:59,551 - Relay - INFO - [ADB_STATE] - Not found DUT [SC98321E1007B081251]
2018-05-21 15:18:00,864 - Relay - INFO - [ADB_STATE] - Not found DUT [SC98321E1007B081251]
2018-05-21 15:18:02,707 - Relay - INFO - [DBUG_INFO] - Device is not on Relay Port
2018-05-21 15:18:02,973 - Relay - INFO - [DBUG_INFO] - Inquiry bonded Relay Ports
2018-05-21 15:18:02,973 - Relay - INFO - [DBUG_INFO] - -----------------------------------
2018-05-21 15:18:02,973 - Relay - INFO - [BOX_STATE] - RELAY_EVENT_TPYE --> 0
2018-05-21 15:18:05,441 - Relay - INFO - [BOX_STATE] - RELAY_EVENT_TPYE --> 1
2018-05-21 15:18:05,551 - Relay - INFO - [ADB_STATE] - Not found DUT [SC98321E1007B081251]
2018-05-21 15:18:06,881 - Relay - INFO - [ADB_STATE] - Not found DUT [SC98321E1007B081251]
2018-05-21 15:18:08,210 - Relay - INFO - [ADB_STATE] - Not found DUT [SC98321E1007B081251]
2018-05-21 15:18:09,615 - Relay - INFO - [ADB_STATE] - Not found DUT [SC98321E1007B081251]
2018-05-21 15:18:10,927 - Relay - INFO - [ADB_STATE] - Not found DUT [SC98321E1007B081251]
2018-05-21 15:18:12,243 - Relay - INFO - [ADB_STATE] - Not found DUT [SC98321E1007B081251]
2018-05-21 15:18:13,569 - Relay - INFO - [ADB_STATE] - Not found DUT [SC98321E1007B081251]
2018-05-21 15:18:14,880 - Relay - INFO - [ADB_STATE] - Not found DUT [SC98321E1007B081251]
2018-05-21 15:18:16,196 - Relay - INFO - [ADB_STATE] - Not found DUT [SC98321E1007B081251]
2018-05-21 15:18:17,506 - Relay - INFO - [ADB_STATE] - Not found DUT [SC98321E1007B081251]
2018-05-21 15:18:18,819 - Relay - INFO - [ADB_STATE] - Not found DUT [SC98321E1007B081251]
2018-05-21 15:18:20,131 - Relay - INFO - [ADB_STATE] - Not found DUT [SC98321E1007B081251]
2018-05-21 15:18:21,427 - Relay - INFO - [ADB_STATE] - Not found DUT [SC98321E1007B081251]
2018-05-21 15:18:22,755 - Relay - INFO - [ADB_STATE] - Not found DUT [SC98321E1007B081251]
2018-05-21 15:18:24,066 - Relay - INFO - [ADB_STATE] - Not found DUT [SC98321E1007B081251]
2018-05-21 15:18:25,380 - Relay - INFO - [ADB_STATE] - Not found DUT [SC98321E1007B081251]
2018-05-21 15:18:26,690 - Relay - INFO - [ADB_STATE] - Not found DUT [SC98321E1007B081251]
2018-05-21 15:18:28,003 - Relay - INFO - [ADB_STATE] - Not found DUT [SC98321E1007B081251]
2018-05-21 15:18:29,301 - Relay - INFO - [ADB_STATE] - Not found DUT [SC98321E1007B081251]
2018-05-21 15:18:30,615 - Relay - INFO - [ADB_STATE] - Not found DUT [SC98321E1007B081251]
2018-05-21 15:18:31,898 - Relay - INFO - [ADB_STATE] - Not found DUT [SC98321E1007B081251]
2018-05-21 15:18:32,134 - Relay - INFO - [ADB_STATE] - Found DUT [SC98321E1007B081251]
2018-05-21 15:18:32,134 - Relay - INFO - [DBUG_INFO] - Found device [01] on Relay Port[2]
2018-05-21 15:18:32,134 - Relay - INFO - [BOX_STATE] - RELAY_EVENT_TPYE --> 5
2018-05-21 15:19:03,802 - Relay - INFO - [BOX_STATE] - RELAY_EVENT_TPYE --> 4
2018-05-21 15:19:04,812 - Relay - ERROR - [Errno 10061] 
2018-05-21 15:19:05,174 - Relay - INFO - [DBUG_INFO] - ----------------------------------------
2018-05-21 15:19:05,177 - Relay - INFO - [DBUG_INFO] - |           Bind Relay Port            |
2018-05-21 15:19:05,181 - Relay - INFO - [DBUG_INFO] - ----------------------------------------
2018-05-21 15:19:05,186 - Relay - INFO - [DBUG_INFO] - Bond Relay Port with device [SC98321E1007B081251]
2018-05-21 15:19:12,618 - Relay - INFO - [BOX_STATE] - RELAY_EVENT_TPYE --> 4
2018-05-21 15:19:13,073 - Relay - INFO - [DBUG_INFO] - ----------------------------------------
2018-05-21 15:19:13,078 - Relay - INFO - [DBUG_INFO] - |           Bind Relay Port            |
2018-05-21 15:19:13,082 - Relay - INFO - [DBUG_INFO] - ----------------------------------------
2018-05-21 15:19:13,084 - Relay - INFO - [DBUG_INFO] - Bond Relay Port with device [SC98321E1007B081251]
2018-05-21 15:19:13,273 - Relay - INFO - [DBUG_INFO] - -----------------------------------
2018-05-21 15:19:13,276 - Relay - INFO - [BOX_STATE] - RELAY_EVENT_TPYE --> 0
2018-05-21 15:19:15,686 - Relay - INFO - [BOX_STATE] - RELAY_EVENT_TPYE --> 1
2018-05-21 15:19:15,796 - Relay - INFO - [ADB_STATE] - Not found DUT [SC98321E1007B081251]
2018-05-21 15:19:16,986 - Relay - INFO - [ADB_STATE] - Not found DUT [SC98321E1007B081251]
2018-05-21 15:19:17,266 - Relay - INFO - [ADB_STATE] - Found DUT [SC98321E1007B081251]
2018-05-21 15:19:17,267 - Relay - INFO - [DBUG_INFO] - Found device on relay port[2]
2018-05-21 15:19:17,299 - Relay - INFO - [DBUG_INFO] - Updated bonded ports
2018-05-21 15:19:17,299 - Relay - INFO - [DBUG_INFO] - Total test is pass
2018-05-21 15:20:52,121 - Relay - INFO - [BOX_STATE] - RELAY_EVENT_TPYE --> 4
2018-05-21 15:20:52,480 - Relay - INFO - [DBUG_INFO] - ----------------------------------------
2018-05-21 15:20:52,480 - Relay - INFO - [DBUG_INFO] - |           Bind Relay Port            |
2018-05-21 15:20:52,480 - Relay - INFO - [DBUG_INFO] - ----------------------------------------
2018-05-21 15:20:52,480 - Relay - INFO - [DBUG_INFO] - Bond Relay Port with device [SC98321E1007B081251]
2018-05-21 15:20:52,667 - Relay - INFO - [DBUG_INFO] - -----------------------------------
2018-05-21 15:20:52,667 - Relay - INFO - [BOX_STATE] - RELAY_EVENT_TPYE --> 0
2018-05-21 15:20:55,104 - Relay - INFO - [BOX_STATE] - RELAY_EVENT_TPYE --> 1
2018-05-21 15:20:55,213 - Relay - INFO - [ADB_STATE] - Not found DUT [SC98321E1007B081251]
2018-05-21 15:20:56,545 - Relay - INFO - [ADB_STATE] - Not found DUT [SC98321E1007B081251]
2018-05-21 15:20:57,813 - Relay - INFO - [ADB_STATE] - Not found DUT [SC98321E1007B081251]
2018-05-21 15:20:59,079 - Relay - INFO - [ADB_STATE] - Not found DUT [SC98321E1007B081251]
2018-05-21 15:21:00,381 - Relay - INFO - [ADB_STATE] - Not found DUT [SC98321E1007B081251]
2018-05-21 15:21:01,694 - Relay - INFO - [ADB_STATE] - Not found DUT [SC98321E1007B081251]
2018-05-21 15:21:03,022 - Relay - INFO - [ADB_STATE] - Not found DUT [SC98321E1007B081251]
2018-05-21 15:21:04,334 - Relay - INFO - [ADB_STATE] - Not found DUT [SC98321E1007B081251]
2018-05-21 15:21:05,644 - Relay - INFO - [ADB_STATE] - Not found DUT [SC98321E1007B081251]
2018-05-21 15:21:06,934 - Relay - INFO - [ADB_STATE] - Not found DUT [SC98321E1007B081251]
2018-05-21 15:21:08,260 - Relay - INFO - [ADB_STATE] - Not found DUT [SC98321E1007B081251]
2018-05-21 15:21:09,602 - Relay - INFO - [ADB_STATE] - Not found DUT [SC98321E1007B081251]
2018-05-21 15:21:10,884 - Relay - INFO - [ADB_STATE] - Not found DUT [SC98321E1007B081251]
2018-05-21 15:21:12,196 - Relay - INFO - [ADB_STATE] - Not found DUT [SC98321E1007B081251]
2018-05-21 15:21:13,506 - Relay - INFO - [ADB_STATE] - Not found DUT [SC98321E1007B081251]
2018-05-21 15:21:14,763 - Relay - INFO - [ADB_STATE] - Not found DUT [SC98321E1007B081251]
2018-05-21 15:21:15,013 - Relay - INFO - [ADB_STATE] - Found DUT [SC98321E1007B081251]
2018-05-21 15:21:15,013 - Relay - INFO - [DBUG_INFO] - Found device on relay port[2]
2018-05-21 15:21:15,016 - Relay - INFO - [DBUG_INFO] - Updated bonded ports
2018-05-21 15:21:15,017 - Relay - INFO - [DBUG_INFO] - Total test is pass
2018-05-21 15:23:50,423 - Relay - INFO - [BOX_STATE] - RELAY_EVENT_TPYE --> 4
2018-05-21 15:23:50,875 - Relay - INFO - [DBUG_INFO] - ----------------------------------------
2018-05-21 15:23:50,875 - Relay - INFO - [DBUG_INFO] - |       Invalid Device Recovery        |
2018-05-21 15:23:50,875 - Relay - INFO - [DBUG_INFO] - ----------------------------------------
2018-05-21 15:23:50,891 - Relay - INFO - [ADB_STATE] - Not found DUT [SC98321E1007B081251]
2018-05-21 15:23:52,220 - Relay - INFO - [BOX_STATE] - Current devices connection is invalid [SC98321E1007B081251]
2018-05-21 15:23:52,220 - Relay - INFO - [BOX_STATE] - RELAY_EVENT_TPYE --> 0
2018-05-21 15:23:53,345 - Relay - INFO - [BOX_STATE] - RELAY_EVENT_TPYE --> 1
2018-05-21 15:23:53,453 - Relay - INFO - [ADB_STATE] - Not found DUT [SC98321E1007B081251]
2018-05-21 15:23:54,720 - Relay - INFO - [ADB_STATE] - Not found DUT [SC98321E1007B081251]
2018-05-21 15:23:56,049 - Relay - INFO - [ADB_STATE] - Not found DUT [SC98321E1007B081251]
2018-05-21 15:23:57,348 - Relay - INFO - [ADB_STATE] - Not found DUT [SC98321E1007B081251]
2018-05-21 15:23:58,674 - Relay - INFO - [ADB_STATE] - Not found DUT [SC98321E1007B081251]
2018-05-21 15:23:59,986 - Relay - INFO - [ADB_STATE] - Not found DUT [SC98321E1007B081251]
2018-05-21 15:24:01,298 - Relay - INFO - [ADB_STATE] - Not found DUT [SC98321E1007B081251]
2018-05-21 15:24:02,609 - Relay - INFO - [ADB_STATE] - Not found DUT [SC98321E1007B081251]
2018-05-21 15:24:03,904 - Relay - INFO - [ADB_STATE] - Not found DUT [SC98321E1007B081251]
2018-05-21 15:24:05,176 - Relay - INFO - [ADB_STATE] - Not found DUT [SC98321E1007B081251]
2018-05-21 15:24:06,487 - Relay - INFO - [BOX_STATE] - RELAY_EVENT_TPYE --> 0
2018-05-21 15:24:07,627 - Relay - INFO - [BOX_STATE] - RELAY_EVENT_TPYE --> 1
2018-05-21 15:24:07,752 - Relay - INFO - [ADB_STATE] - Not found DUT [SC98321E1007B081251]
2018-05-21 15:24:09,084 - Relay - INFO - [ADB_STATE] - Not found DUT [SC98321E1007B081251]
2018-05-21 15:24:09,336 - Relay - INFO - [ADB_STATE] - Found DUT [SC98321E1007B081251]
2018-05-21 15:24:09,338 - Relay - INFO - [BOX_STATE] - Device is recovered [SC98321E1007B081251]
2018-05-21 15:24:09,407 - Relay - INFO - [DBUG_INFO] - ----------------------------------------
2018-05-21 15:24:09,407 - Relay - INFO - [DBUG_INFO] - |           Bind Relay Port            |
2018-05-21 15:24:09,407 - Relay - INFO - [DBUG_INFO] - ----------------------------------------
2018-05-21 15:24:09,407 - Relay - INFO - [DBUG_INFO] - Bond Relay Port with device [SC98321E1007B081251]
2018-05-21 15:24:09,519 - Relay - INFO - [DBUG_INFO] - -----------------------------------
2018-05-21 15:24:09,535 - Relay - INFO - [BOX_STATE] - RELAY_EVENT_TPYE --> 0
2018-05-21 15:24:11,918 - Relay - INFO - [BOX_STATE] - RELAY_EVENT_TPYE --> 1
2018-05-21 15:24:12,043 - Relay - INFO - [ADB_STATE] - Not found DUT [SC98321E1007B081251]
2018-05-21 15:24:13,371 - Relay - INFO - [ADB_STATE] - Not found DUT [SC98321E1007B081251]
2018-05-21 15:24:14,670 - Relay - INFO - [ADB_STATE] - Not found DUT [SC98321E1007B081251]
2018-05-21 15:24:15,997 - Relay - INFO - [ADB_STATE] - Not found DUT [SC98321E1007B081251]
2018-05-21 15:24:17,296 - Relay - INFO - [ADB_STATE] - Not found DUT [SC98321E1007B081251]
2018-05-21 15:24:18,622 - Relay - INFO - [ADB_STATE] - Not found DUT [SC98321E1007B081251]
2018-05-21 15:24:19,934 - Relay - INFO - [ADB_STATE] - Not found DUT [SC98321E1007B081251]
2018-05-21 15:24:21,236 - Relay - INFO - [ADB_STATE] - Not found DUT [SC98321E1007B081251]
2018-05-21 15:24:22,562 - Relay - INFO - [ADB_STATE] - Not found DUT [SC98321E1007B081251]
2018-05-21 15:24:23,875 - Relay - INFO - [ADB_STATE] - Not found DUT [SC98321E1007B081251]
2018-05-21 15:24:25,187 - Relay - INFO - [ADB_STATE] - Not found DUT [SC98321E1007B081251]
2018-05-21 15:24:26,454 - Relay - INFO - [ADB_STATE] - Not found DUT [SC98321E1007B081251]
2018-05-21 15:24:26,753 - Relay - INFO - [ADB_STATE] - Found DUT [SC98321E1007B081251]
2018-05-21 15:24:26,753 - Relay - INFO - [DBUG_INFO] - Found device on relay port[2]
2018-05-21 15:24:26,753 - Relay - INFO - [DBUG_INFO] - Updated bonded ports
2018-05-21 15:24:26,753 - Relay - INFO - [DBUG_INFO] - Total test is pass
2018-05-21 15:27:50,558 - Relay - INFO - [BOX_STATE] - RELAY_EVENT_TPYE --> 4
2018-05-21 15:27:50,954 - Relay - INFO - [DBUG_INFO] - ----------------------------------------
2018-05-21 15:27:50,956 - Relay - INFO - [DBUG_INFO] - |           Bind Relay Port            |
2018-05-21 15:27:50,957 - Relay - INFO - [DBUG_INFO] - ----------------------------------------
2018-05-21 15:27:50,957 - Relay - INFO - [DBUG_INFO] - Bond Relay Port with device [SC98321E1007B081251]
2018-05-21 15:27:51,167 - Relay - INFO - [DBUG_INFO] - -----------------------------------
2018-05-21 15:27:51,170 - Relay - INFO - [BOX_STATE] - RELAY_EVENT_TPYE --> 0
2018-05-21 15:27:53,573 - Relay - INFO - [BOX_STATE] - RELAY_EVENT_TPYE --> 1
2018-05-21 15:27:53,683 - Relay - INFO - [ADB_STATE] - Not found DUT [SC98321E1007B081251]
2018-05-21 15:27:54,872 - Relay - INFO - [ADB_STATE] - Not found DUT [SC98321E1007B081251]
2018-05-21 15:27:55,164 - Relay - INFO - [ADB_STATE] - Found DUT [SC98321E1007B081251]
2018-05-21 15:27:55,164 - Relay - INFO - [DBUG_INFO] - Found device on relay port[2]
2018-05-21 15:27:55,167 - Relay - INFO - [DBUG_INFO] - Updated bonded ports
2018-05-21 15:27:55,167 - Relay - INFO - [DBUG_INFO] - Total test is pass
2018-05-21 15:28:02,005 - Relay - INFO - [BOX_STATE] - RELAY_EVENT_TPYE --> 4
2018-05-21 15:28:02,411 - Relay - INFO - [DBUG_INFO] - ----------------------------------------
2018-05-21 15:28:02,411 - Relay - INFO - [DBUG_INFO] - |           Bind Relay Port            |
2018-05-21 15:28:02,411 - Relay - INFO - [DBUG_INFO] - ----------------------------------------
2018-05-21 15:28:02,411 - Relay - INFO - [DBUG_INFO] - Bond Relay Port with device [SC98321E1007B081251]
2018-05-21 15:28:02,503 - Relay - INFO - [DBUG_INFO] - -----------------------------------
2018-05-21 15:28:02,503 - Relay - INFO - [BOX_STATE] - RELAY_EVENT_TPYE --> 0
2018-05-21 15:28:04,924 - Relay - INFO - [BOX_STATE] - RELAY_EVENT_TPYE --> 1
2018-05-21 15:28:05,033 - Relay - INFO - [ADB_STATE] - Not found DUT [SC98321E1007B081251]
2018-05-21 15:28:06,250 - Relay - INFO - [ADB_STATE] - Not found DUT [SC98321E1007B081251]
2018-05-21 15:28:07,529 - Relay - INFO - [ADB_STATE] - Not found DUT [SC98321E1007B081251]
2018-05-21 15:28:08,809 - Relay - INFO - [ADB_STATE] - Not found DUT [SC98321E1007B081251]
2018-05-21 15:28:10,121 - Relay - INFO - [ADB_STATE] - Not found DUT [SC98321E1007B081251]
2018-05-21 15:28:11,431 - Relay - INFO - [ADB_STATE] - Not found DUT [SC98321E1007B081251]
2018-05-21 15:28:12,730 - Relay - INFO - [ADB_STATE] - Not found DUT [SC98321E1007B081251]
2018-05-21 15:28:14,042 - Relay - INFO - [ADB_STATE] - Not found DUT [SC98321E1007B081251]
2018-05-21 15:28:15,342 - Relay - INFO - [ADB_STATE] - Not found DUT [SC98321E1007B081251]
2018-05-21 15:28:16,684 - Relay - INFO - [ADB_STATE] - Not found DUT [SC98321E1007B081251]
2018-05-21 15:28:17,980 - Relay - INFO - [ADB_STATE] - Not found DUT [SC98321E1007B081251]
2018-05-21 15:28:19,292 - Relay - INFO - [ADB_STATE] - Not found DUT [SC98321E1007B081251]
2018-05-21 15:28:20,605 - Relay - INFO - [ADB_STATE] - Not found DUT [SC98321E1007B081251]
2018-05-21 15:28:21,917 - Relay - INFO - [ADB_STATE] - Not found DUT [SC98321E1007B081251]
2018-05-21 15:28:23,184 - Relay - INFO - [ADB_STATE] - Not found DUT [SC98321E1007B081251]
2018-05-21 15:28:23,473 - Relay - INFO - [ADB_STATE] - Found DUT [SC98321E1007B081251]
2018-05-21 15:28:23,474 - Relay - INFO - [DBUG_INFO] - Found device on relay port[2]
2018-05-21 15:28:23,476 - Relay - INFO - [DBUG_INFO] - Updated bonded ports
2018-05-21 15:28:23,477 - Relay - INFO - [DBUG_INFO] - Total test is pass
2018-05-21 15:28:36,345 - Relay - INFO - [BOX_STATE] - RELAY_EVENT_TPYE --> 4
2018-05-21 15:28:36,463 - Relay - INFO - [DBUG_INFO] - ----------------------------------------
2018-05-21 15:28:36,463 - Relay - INFO - [DBUG_INFO] - |           Recovery Device            |
2018-05-21 15:28:36,463 - Relay - INFO - [DBUG_INFO] - ----------------------------------------
2018-05-21 15:28:37,005 - Relay - INFO - [ADB_STATE] - Device recovered
2018-05-21 15:28:42,305 - Relay - INFO - [BOX_STATE] - RELAY_EVENT_TPYE --> 4
2018-05-21 15:28:42,428 - Relay - INFO - [DBUG_INFO] - ----------------------------------------
2018-05-21 15:28:42,428 - Relay - INFO - [DBUG_INFO] - |           Recovery Device            |
2018-05-21 15:28:42,428 - Relay - INFO - [DBUG_INFO] - ----------------------------------------
2018-05-21 15:28:42,851 - Relay - INFO - [BOX_STATE] - RELAY_EVENT_TPYE --> 2
2018-05-21 15:30:01,322 - Relay - INFO - [BOX_STATE] - RELAY_EVENT_TPYE --> 4
2018-05-21 15:30:01,525 - Relay - INFO - [DBUG_INFO] - ----------------------------------------
2018-05-21 15:30:01,525 - Relay - INFO - [DBUG_INFO] - |           Recovery Device            |
2018-05-21 15:30:01,525 - Relay - INFO - [DBUG_INFO] - ----------------------------------------
2018-05-21 15:30:01,588 - Relay - INFO - [DBUG_INFO] - ----------------------------------------
2018-05-21 15:30:01,588 - Relay - INFO - [DBUG_INFO] - |       Invalid Device Recovery        |
2018-05-21 15:30:01,588 - Relay - INFO - [DBUG_INFO] - ----------------------------------------
2018-05-21 15:30:01,618 - Relay - INFO - [ADB_STATE] - Not found DUT [SC98321E1007B081251]
2018-05-21 15:30:02,994 - Relay - INFO - [BOX_STATE] - Current devices connection is invalid [SC98321E1007B081251]
2018-05-21 15:30:02,994 - Relay - INFO - [BOX_STATE] - RELAY_EVENT_TPYE --> 0
2018-05-21 15:30:04,134 - Relay - INFO - [BOX_STATE] - RELAY_EVENT_TPYE --> 1
2018-05-21 15:30:04,259 - Relay - INFO - [ADB_STATE] - Not found DUT [SC98321E1007B081251]
2018-05-21 15:30:05,615 - Relay - INFO - [ADB_STATE] - Not found DUT [SC98321E1007B081251]
2018-05-21 15:30:06,844 - Relay - INFO - [ADB_STATE] - Not found DUT [SC98321E1007B081251]
2018-05-21 15:30:07,168 - Relay - INFO - [ADB_STATE] - Found DUT [SC98321E1007B081251]
2018-05-21 15:30:07,170 - Relay - INFO - [BOX_STATE] - Device is recovered [SC98321E1007B081251]
2018-05-21 15:30:07,573 - Relay - INFO - [ADB_STATE] - Device recovered
2018-05-21 15:30:15,002 - Relay - INFO - [BOX_STATE] - RELAY_EVENT_TPYE --> 4
2018-05-21 15:30:15,114 - Relay - INFO - [DBUG_INFO] - ----------------------------------------
2018-05-21 15:30:15,128 - Relay - INFO - [DBUG_INFO] - |           Recovery Device            |
2018-05-21 15:30:15,128 - Relay - INFO - [DBUG_INFO] - ----------------------------------------
2018-05-21 15:30:15,565 - Relay - INFO - [BOX_STATE] - RELAY_EVENT_TPYE --> 2
2018-05-21 15:33:43,312 - Relay - INFO - [BOX_STATE] - RELAY_EVENT_TPYE --> 4
2018-05-21 15:33:43,546 - Relay - INFO - [DBUG_INFO] - ----------------------------------------
2018-05-21 15:33:43,546 - Relay - INFO - [DBUG_INFO] - |           Recovery Device            |
2018-05-21 15:33:43,546 - Relay - INFO - [DBUG_INFO] - ----------------------------------------
2018-05-21 15:33:43,654 - Relay - INFO - [DBUG_INFO] - ----------------------------------------
2018-05-21 15:33:43,671 - Relay - INFO - [DBUG_INFO] - |       Invalid Device Recovery        |
2018-05-21 15:33:43,671 - Relay - INFO - [DBUG_INFO] - ----------------------------------------
2018-05-21 15:33:43,733 - Relay - INFO - [ADB_STATE] - Not found DUT [SC98321E1007B081251]
2018-05-21 15:33:45,122 - Relay - INFO - [BOX_STATE] - Current devices connection is invalid [SC98321E1007B081251]
2018-05-21 15:33:45,122 - Relay - INFO - [BOX_STATE] - RELAY_EVENT_TPYE --> 0
2018-05-21 15:33:46,262 - Relay - INFO - [BOX_STATE] - RELAY_EVENT_TPYE --> 1
2018-05-21 15:33:46,387 - Relay - INFO - [ADB_STATE] - Not found DUT [SC98321E1007B081251]
2018-05-21 15:33:47,733 - Relay - INFO - [ADB_STATE] - Not found DUT [SC98321E1007B081251]
2018-05-21 15:33:49,061 - Relay - INFO - [ADB_STATE] - Not found DUT [SC98321E1007B081251]
2018-05-21 15:33:50,342 - Relay - INFO - [ADB_STATE] - Not found DUT [SC98321E1007B081251]
2018-05-21 15:33:51,686 - Relay - INFO - [ADB_STATE] - Not found DUT [SC98321E1007B081251]
2018-05-21 15:33:53,092 - Relay - INFO - [ADB_STATE] - Not found DUT [SC98321E1007B081251]
2018-05-21 15:33:54,408 - Relay - INFO - [ADB_STATE] - Not found DUT [SC98321E1007B081251]
2018-05-21 15:33:55,727 - Relay - INFO - [ADB_STATE] - Not found DUT [SC98321E1007B081251]
2018-05-21 15:33:56,936 - Relay - INFO - [ADB_STATE] - Not found DUT [SC98321E1007B081251]
2018-05-21 15:33:57,207 - Relay - INFO - [ADB_STATE] - Found DUT [SC98321E1007B081251]
2018-05-21 15:33:57,209 - Relay - INFO - [BOX_STATE] - Device is recovered [SC98321E1007B081251]
2018-05-21 15:33:57,710 - Relay - INFO - [ADB_STATE] - Device recovered
2018-05-21 15:48:23,111 - Relay - INFO - [BOX_STATE] - RELAY_EVENT_TPYE --> 4
2018-05-21 15:48:23,621 - Relay - INFO - [DBUG_INFO] - ----------------------------------------
2018-05-21 15:48:23,625 - Relay - INFO - [DBUG_INFO] - |           Bind Relay Port            |
2018-05-21 15:48:23,627 - Relay - INFO - [DBUG_INFO] - ----------------------------------------
2018-05-21 15:48:23,628 - Relay - INFO - [DBUG_INFO] - Bond Relay Port with device [SC98321E1007B081251]
2018-05-21 15:48:23,783 - Relay - INFO - [DBUG_INFO] - -----------------------------------
2018-05-21 15:48:23,786 - Relay - INFO - [BOX_STATE] - RELAY_EVENT_TPYE --> 0
2018-05-21 15:48:26,247 - Relay - INFO - [BOX_STATE] - RELAY_EVENT_TPYE --> 1
2018-05-21 15:48:26,357 - Relay - INFO - [ADB_STATE] - Not found DUT [SC98321E1007B081251]
2018-05-21 15:48:27,582 - Relay - INFO - [ADB_STATE] - Not found DUT [SC98321E1007B081251]
2018-05-21 15:48:28,867 - Relay - INFO - [ADB_STATE] - Not found DUT [SC98321E1007B081251]
2018-05-21 15:48:29,105 - Relay - INFO - [ADB_STATE] - Found DUT [SC98321E1007B081251]
2018-05-21 15:48:29,135 - Relay - INFO - [DBUG_INFO] - Found device on relay port[2]
2018-05-21 15:48:29,135 - Relay - INFO - [DBUG_INFO] - Updated bonded ports
2018-05-21 15:48:29,135 - Relay - INFO - [DBUG_INFO] - Total test is pass
